Log file open, 03/12/18 12:58:49
LogWindows: Failed to load 'aqProf.dll' (GetLastError=126)
LogWindows: File 'aqProf.dll' does not exist
LogWindows: Failed to load 'VSPerf140.dll' (GetLastError=126)
LogWindows: File 'VSPerf140.dll' does not exist
LogWindows: Failed to load 'VtuneApi.dll' (GetLastError=126)
LogWindows: File 'VtuneApi.dll' does not exist
LogWindows: Failed to load 'VtuneApi32e.dll' (GetLastError=126)
LogWindows: File 'VtuneApi32e.dll' does not exist
LogInit: Display: Running engine for game: EscapeVR
LogPlatformFile: Not using cached read wrapper
LogInit: Display: RandInit(-1810313148) SRandInit(-1810313148).
LogInit: Read version file with build ID '3709383'
LogInit: Overriding engine version to CL 3832480, compatible CL 3709383
LogInit: Registered custom module enumerator with build ID '3709383'
LogTaskGraph: Started task graph with 5 named threads and 14 total threads with 3 sets of task threads.
LogStats: Stats thread started at 0.184964
LogD3D11RHI: Aftermath initialized
LogPluginManager: Mounting plugin Paper2D
LogPluginManager: Mounting plugin LightPropagationVolume
LogPluginManager: Mounting plugin CodeLiteSourceCodeAccess
LogPluginManager: Mounting plugin GitSourceControl
LogPluginManager: Mounting plugin KDevelopSourceCodeAccess
LogPluginManager: Mounting plugin NullSourceCodeAccess
LogPluginManager: Mounting plugin PerforceSourceControl
LogPluginManager: Mounting plugin SubversionSourceControl
LogPluginManager: Mounting plugin UObjectPlugin
LogPluginManager: Mounting plugin VisualStudioCodeSourceCodeAccess
LogPluginManager: Mounting plugin VisualStudioSourceCodeAccess
LogPluginManager: Mounting plugin XCodeSourceCodeAccess
LogPluginManager: Mounting plugin AssetManagerEditor
LogPluginManager: Mounting plugin AudioCapture
LogPluginManager: Mounting plugin FacialAnimation
LogPluginManager: Mounting plugin GameplayTagsEditor
LogPluginManager: Mounting plugin MobileLauncherProfileWizard
LogPluginManager: Mounting plugin PluginBrowser
LogPluginManager: Mounting plugin SpeedTreeImporter
LogPluginManager: Mounting plugin AlembicImporter
LogPluginManager: Mounting plugin CharacterAI
LogPluginManager: Mounting plugin HTML5Networking
LogPluginManager: Mounting plugin AndroidMedia
LogPluginManager: Mounting plugin AvfMedia
LogPluginManager: Mounting plugin ImgMedia
LogPluginManager: Mounting plugin MediaCompositing
LogPluginManager: Mounting plugin MediaPlayerEditor
LogPluginManager: Mounting plugin WmfMedia
LogPluginManager: Mounting plugin TcpMessaging
LogPluginManager: Mounting plugin UdpMessaging
LogPluginManager: Mounting plugin ActorSequence
LogPluginManager: Mounting plugin LevelSequenceEditor
LogPluginManager: Mounting plugin MatineeToLevelSequence
LogPluginManager: Mounting plugin OnlineSubsystemGooglePlay
LogPluginManager: Mounting plugin OnlineSubsystemIOS
LogPluginManager: Mounting plugin OnlineSubsystem
LogPluginManager: Mounting plugin OnlineSubsystemNull
LogPluginManager: Mounting plugin OnlineSubsystemUtils
LogPluginManager: Mounting plugin AndroidDeviceProfileSelector
LogPluginManager: Mounting plugin AndroidMoviePlayer
LogPluginManager: Mounting plugin AndroidPermission
LogPluginManager: Mounting plugin AppleARKit
LogPluginManager: Mounting plugin AppleMoviePlayer
LogPluginManager: Mounting plugin ArchVisCharacter
LogPluginManager: Mounting plugin CableComponent
LogPluginManager: Mounting plugin CustomMeshComponent
LogPluginManager: Mounting plugin ExampleDeviceProfileSelector
LogPluginManager: Mounting plugin GoogleCloudMessaging
LogPluginManager: Mounting plugin ImmediatePhysics
LogPluginManager: Mounting plugin IOSDeviceProfileSelector
LogPluginManager: Mounting plugin LinuxDeviceProfileSelector
LogPluginManager: Mounting plugin LocationServicesBPLibrary
LogPluginManager: Mounting plugin MobilePatchingUtils
LogPluginManager: Mounting plugin OculusVR
LogPluginManager: Plugin shader directory ../../../Engine/Plugins/Runtime/Oculus/OculusVR/Shaders found
LogPluginManager: Mapping shader source directory ../../../Engine/Plugins/Runtime/Oculus/OculusVR/Shaders to virtual directory /Plugin/OculusVR
LogPluginManager: Mounting plugin PhysXVehicles
LogPluginManager: Mounting plugin ProceduralMeshComponent
LogPluginManager: Mounting plugin RuntimePhysXCooking
LogPluginManager: Mounting plugin SteamVR
LogPluginManager: Mounting plugin WindowsMoviePlayer
LogModuleManager: Display: Found up-to-date module file ../../../../../../Users/samfo/Documents/GitHub/UnrealHorrorVR/EscapeVR/Binaries/Win64/UE4Editor-EscapeVR.dll (API version 3709383).
LogModuleManager: Display: Found up-to-date module file ../../../Engine/Plugins/2D/Paper2D/Binaries/Win64/UE4Editor-Paper2D.dll (API version 3709383).
LogModuleManager: Display: Found up-to-date module file ../../../Engine/Plugins/2D/Paper2D/Binaries/Win64/UE4Editor-Paper2DEditor.dll (API version 3709383).
LogModuleManager: Display: Found up-to-date module file ../../../Engine/Plugins/2D/Paper2D/Binaries/Win64/UE4Editor-PaperSpriteSheetImporter.dll (API version 3709383).
LogModuleManager: Display: Found up-to-date module file ../../../Engine/Plugins/2D/Paper2D/Binaries/Win64/UE4Editor-PaperTiledImporter.dll (API version 3709383).
LogModuleManager: Display: Found up-to-date module file ../../../Engine/Plugins/2D/Paper2D/Binaries/Win64/UE4Editor-SmartSnapping.dll (API version 3709383).
LogModuleManager: Display: Found up-to-date module file ../../../Engine/Plugins/Blendables/LightPropagationVolume/Binaries/Win64/UE4Editor-LightPropagationVolumeRuntime.dll (API version 3709383).
LogModuleManager: Display: Found up-to-date module file ../../../Engine/Plugins/Blendables/LightPropagationVolume/Binaries/Win64/UE4Editor-LightPropagationVolumeEditor.dll (API version 3709383).
LogModuleManager: Display: Found up-to-date module file ../../../Engine/Plugins/Developer/GitSourceControl/Binaries/Win64/UE4Editor-GitSourceControl.dll (API version 3709383).
LogModuleManager: Display: Found up-to-date module file ../../../Engine/Plugins/Developer/PerforceSourceControl/Binaries/Win64/UE4Editor-PerforceSourceControl.dll (API version 3709383).
LogModuleManager: Display: Found up-to-date module file ../../../Engine/Plugins/Developer/SubversionSourceControl/Binaries/Win64/UE4Editor-SubversionSourceControl.dll (API version 3709383).
LogModuleManager: Display: Found up-to-date module file ../../../Engine/Plugins/Developer/UObjectPlugin/Binaries/Win64/UE4Editor-UObjectPlugin.dll (API version 3709383).
LogModuleManager: Display: Found up-to-date module file ../../../Engine/Plugins/Developer/VisualStudioCodeSourceCodeAccess/Binaries/Win64/UE4Editor-VisualStudioCodeSourceCodeAccess.dll (API version 3709383).
LogModuleManager: Display: Found up-to-date module file ../../../Engine/Plugins/Developer/VisualStudioSourceCodeAccess/Binaries/Win64/UE4Editor-VisualStudioSourceCodeAccess.dll (API version 3709383).
LogModuleManager: Display: Found up-to-date module file ../../../Engine/Plugins/Editor/AssetManagerEditor/Binaries/Win64/UE4Editor-AssetManagerEditor.dll (API version 3709383).
LogModuleManager: Display: Found up-to-date module file ../../../Engine/Plugins/Editor/AudioCapture/Binaries/Win64/UE4Editor-AudioCapture.dll (API version 3709383).
LogModuleManager: Display: Found up-to-date module file ../../../Engine/Plugins/Editor/FacialAnimation/Binaries/Win64/UE4Editor-FacialAnimation.dll (API version 3709383).
LogModuleManager: Display: Found up-to-date module file ../../../Engine/Plugins/Editor/FacialAnimation/Binaries/Win64/UE4Editor-FacialAnimationEditor.dll (API version 3709383).
LogModuleManager: Display: Found up-to-date module file ../../../Engine/Plugins/Editor/GameplayTagsEditor/Binaries/Win64/UE4Editor-GameplayTagsEditor.dll (API version 3709383).
LogModuleManager: Display: Found up-to-date module file ../../../Engine/Plugins/Editor/MobileLauncherProfileWizard/Binaries/Win64/UE4Editor-MobileLauncherProfileWizard.dll (API version 3709383).
LogModuleManager: Display: Found up-to-date module file ../../../Engine/Plugins/Editor/PluginBrowser/Binaries/Win64/UE4Editor-PluginBrowser.dll (API version 3709383).
LogModuleManager: Display: Found up-to-date module file ../../../Engine/Plugins/Editor/SpeedTreeImporter/Binaries/Win64/UE4Editor-SpeedTreeImporter.dll (API version 3709383).
LogModuleManager: Display: Found up-to-date module file ../../../Engine/Plugins/Experimental/AlembicImporter/Binaries/Win64/UE4Editor-AlembicImporter.dll (API version 3709383).
LogModuleManager: Display: Found up-to-date module file ../../../Engine/Plugins/Experimental/AlembicImporter/Binaries/Win64/UE4Editor-AlembicLibrary.dll (API version 3709383).
LogModuleManager: Display: Found up-to-date module file ../../../Engine/Plugins/Experimental/CharacterAI/Binaries/Win64/UE4Editor-CharacterAI.dll (API version 3709383).
LogModuleManager: Display: Found up-to-date module file ../../../Engine/Plugins/Experimental/HTML5Networking/Binaries/Win64/UE4Editor-HTML5Networking.dll (API version 3709383).
LogModuleManager: Display: Found up-to-date module file ../../../Engine/Plugins/Media/AndroidMedia/Binaries/Win64/UE4Editor-AndroidMediaEditor.dll (API version 3709383).
LogModuleManager: Display: Found up-to-date module file ../../../Engine/Plugins/Media/AndroidMedia/Binaries/Win64/UE4Editor-AndroidMediaFactory.dll (API version 3709383).
LogModuleManager: Display: Found up-to-date module file ../../../Engine/Plugins/Media/AvfMedia/Binaries/Win64/UE4Editor-AvfMediaEditor.dll (API version 3709383).
LogModuleManager: Display: Found up-to-date module file ../../../Engine/Plugins/Media/AvfMedia/Binaries/Win64/UE4Editor-AvfMediaFactory.dll (API version 3709383).
LogModuleManager: Display: Found up-to-date module file ../../../Engine/Plugins/Media/AvfMedia/Binaries/Win64/UE4Editor-AvfMediaFactory.dll (API version 3709383).
LogModuleManager: Display: Found up-to-date module file ../../../Engine/Plugins/Media/ImgMedia/Binaries/Win64/UE4Editor-ImgMedia.dll (API version 3709383).
LogModuleManager: Display: Found up-to-date module file ../../../Engine/Plugins/Media/ImgMedia/Binaries/Win64/UE4Editor-ImgMediaEditor.dll (API version 3709383).
LogModuleManager: Display: Found up-to-date module file ../../../Engine/Plugins/Media/ImgMedia/Binaries/Win64/UE4Editor-ImgMediaFactory.dll (API version 3709383).
LogModuleManager: Display: Found up-to-date module file ../../../Engine/Plugins/Media/ImgMedia/Binaries/Win64/UE4Editor-ImgMediaFactory.dll (API version 3709383).
LogModuleManager: Display: Found up-to-date module file ../../../Engine/Plugins/Media/ImgMedia/Binaries/Win64/UE4Editor-OpenExrWrapper.dll (API version 3709383).
LogModuleManager: Display: Found up-to-date module file ../../../Engine/Plugins/Media/MediaCompositing/Binaries/Win64/UE4Editor-MediaCompositing.dll (API version 3709383).
LogModuleManager: Display: Found up-to-date module file ../../../Engine/Plugins/Media/MediaCompositing/Binaries/Win64/UE4Editor-MediaCompositingEditor.dll (API version 3709383).
LogModuleManager: Display: Found up-to-date module file ../../../Engine/Plugins/Media/MediaPlayerEditor/Binaries/Win64/UE4Editor-MediaPlayerEditor.dll (API version 3709383).
LogModuleManager: Display: Found up-to-date module file ../../../Engine/Plugins/Media/WmfMedia/Binaries/Win64/UE4Editor-WmfMedia.dll (API version 3709383).
LogModuleManager: Display: Found up-to-date module file ../../../Engine/Plugins/Media/WmfMedia/Binaries/Win64/UE4Editor-WmfMediaEditor.dll (API version 3709383).
LogModuleManager: Display: Found up-to-date module file ../../../Engine/Plugins/Media/WmfMedia/Binaries/Win64/UE4Editor-WmfMediaFactory.dll (API version 3709383).
LogModuleManager: Display: Found up-to-date module file ../../../Engine/Plugins/Media/WmfMedia/Binaries/Win64/UE4Editor-WmfMediaFactory.dll (API version 3709383).
LogModuleManager: Display: Found up-to-date module file ../../../Engine/Plugins/Messaging/TcpMessaging/Binaries/Win64/UE4Editor-TcpMessaging.dll (API version 3709383).
LogModuleManager: Display: Found up-to-date module file ../../../Engine/Plugins/Messaging/UdpMessaging/Binaries/Win64/UE4Editor-UdpMessaging.dll (API version 3709383).
LogModuleManager: Display: Found up-to-date module file ../../../Engine/Plugins/MovieScene/ActorSequence/Binaries/Win64/UE4Editor-ActorSequence.dll (API version 3709383).
LogModuleManager: Display: Found up-to-date module file ../../../Engine/Plugins/MovieScene/LevelSequenceEditor/Binaries/Win64/UE4Editor-LevelSequenceEditor.dll (API version 3709383).
LogModuleManager: Display: Found up-to-date module file ../../../Engine/Plugins/MovieScene/MatineeToLevelSequence/Binaries/Win64/UE4Editor-MatineeToLevelSequence.dll (API version 3709383).
LogModuleManager: Display: Found up-to-date module file ../../../Engine/Plugins/Online/OnlineSubsystem/Binaries/Win64/UE4Editor-OnlineSubsystem.dll (API version 3709383).
LogModuleManager: Display: Found up-to-date module file ../../../Engine/Plugins/Online/OnlineSubsystemNull/Binaries/Win64/UE4Editor-OnlineSubsystemNull.dll (API version 3709383).
LogModuleManager: Display: Found up-to-date module file ../../../Engine/Plugins/Online/OnlineSubsystemUtils/Binaries/Win64/UE4Editor-OnlineSubsystemUtils.dll (API version 3709383).
LogModuleManager: Display: Found up-to-date module file ../../../Engine/Plugins/Online/OnlineSubsystemUtils/Binaries/Win64/UE4Editor-OnlineBlueprintSupport.dll (API version 3709383).
LogModuleManager: Display: Found up-to-date module file ../../../Engine/Plugins/Runtime/AndroidDeviceProfileSelector/Binaries/Win64/UE4Editor-AndroidDeviceProfileSelector.dll (API version 3709383).
LogModuleManager: Display: Found up-to-date module file ../../../Engine/Plugins/Runtime/AndroidPermission/Binaries/Win64/UE4Editor-AndroidPermission.dll (API version 3709383).
LogModuleManager: Display: Found up-to-date module file ../../../Engine/Plugins/Runtime/AppleARKit/Binaries/Win64/UE4Editor-AppleARKit.dll (API version 3709383).
LogModuleManager: Display: Found up-to-date module file ../../../Engine/Plugins/Runtime/ArchVisCharacter/Binaries/Win64/UE4Editor-ArchVisCharacter.dll (API version 3709383).
LogModuleManager: Display: Found up-to-date module file ../../../Engine/Plugins/Runtime/CableComponent/Binaries/Win64/UE4Editor-CableComponent.dll (API version 3709383).
LogModuleManager: Display: Found up-to-date module file ../../../Engine/Plugins/Runtime/CustomMeshComponent/Binaries/Win64/UE4Editor-CustomMeshComponent.dll (API version 3709383).
LogModuleManager: Display: Found up-to-date module file ../../../Engine/Plugins/Runtime/ExampleDeviceProfileSelector/Binaries/Win64/UE4Editor-ExampleDeviceProfileSelector.dll (API version 3709383).
LogModuleManager: Display: Found up-to-date module file ../../../Engine/Plugins/Runtime/ImmediatePhysics/Binaries/Win64/UE4Editor-ImmediatePhysics.dll (API version 3709383).
LogModuleManager: Display: Found up-to-date module file ../../../Engine/Plugins/Runtime/ImmediatePhysics/Binaries/Win64/UE4Editor-ImmediatePhysicsEditor.dll (API version 3709383).
LogModuleManager: Display: Found up-to-date module file ../../../Engine/Plugins/Runtime/LocationServicesBPLibrary/Binaries/Win64/UE4Editor-LocationServicesBPLibrary.dll (API version 3709383).
LogModuleManager: Display: Found up-to-date module file ../../../Engine/Plugins/Runtime/MobilePatchingUtils/Binaries/Win64/UE4Editor-MobilePatchingUtils.dll (API version 3709383).
LogModuleManager: Display: Found up-to-date module file ../../../Engine/Plugins/Runtime/Oculus/OculusVR/Binaries/Win64/UE4Editor-OculusHMD.dll (API version 3709383).
LogModuleManager: Display: Found up-to-date module file ../../../Engine/Plugins/Runtime/Oculus/OculusVR/Binaries/Win64/UE4Editor-OculusInput.dll (API version 3709383).
LogModuleManager: Display: Found up-to-date module file ../../../Engine/Plugins/Runtime/Oculus/OculusVR/Binaries/Win64/UE4Editor-OculusEditor.dll (API version 3709383).
LogModuleManager: Display: Found up-to-date module file ../../../Engine/Plugins/Runtime/PhysXVehicles/Binaries/Win64/UE4Editor-PhysXVehicles.dll (API version 3709383).
LogModuleManager: Display: Found up-to-date module file ../../../Engine/Plugins/Runtime/PhysXVehicles/Binaries/Win64/UE4Editor-PhysXVehiclesEditor.dll (API version 3709383).
LogModuleManager: Display: Found up-to-date module file ../../../Engine/Plugins/Runtime/ProceduralMeshComponent/Binaries/Win64/UE4Editor-ProceduralMeshComponent.dll (API version 3709383).
LogModuleManager: Display: Found up-to-date module file ../../../Engine/Plugins/Runtime/ProceduralMeshComponent/Binaries/Win64/UE4Editor-ProceduralMeshComponentEditor.dll (API version 3709383).
LogModuleManager: Display: Found up-to-date module file ../../../Engine/Plugins/Runtime/RuntimePhysXCooking/Binaries/Win64/UE4Editor-RuntimePhysXCooking.dll (API version 3709383).
LogModuleManager: Display: Found up-to-date module file ../../../Engine/Plugins/Runtime/Steam/SteamVR/Binaries/Win64/UE4Editor-SteamVR.dll (API version 3709383).
LogModuleManager: Display: Found up-to-date module file ../../../Engine/Plugins/Runtime/Steam/SteamVR/Binaries/Win64/UE4Editor-SteamVRController.dll (API version 3709383).
LogModuleManager: Display: Found up-to-date module file ../../../Engine/Plugins/Runtime/WindowsMoviePlayer/Binaries/Win64/UE4Editor-WindowsMoviePlayer.dll (API version 3709383).
LogInit: Using libcurl 7.47.1
LogInit:  - built for x86_64-pc-win32
LogInit:  - supports SSL with OpenSSL/1.0.2g
LogInit:  - supports HTTP deflate (compression) using libz 1.2.8
LogInit:  - other features:
LogInit:      CURL_VERSION_SSL
LogInit:      CURL_VERSION_LIBZ
LogInit:      CURL_VERSION_IPV6
LogInit:      CURL_VERSION_ASYNCHDNS
LogInit:      CURL_VERSION_LARGEFILE
LogInit:      CURL_VERSION_IDN
LogInit:  CurlRequestOptions (configurable via config and command line):
LogInit:  - bVerifyPeer = false  - Libcurl will NOT verify peer certificate
LogInit:  - bUseHttpProxy = false  - Libcurl will NOT use HTTP proxy
LogInit:  - bDontReuseConnections = false  - Libcurl will reuse connections
LogInit:  - CertBundlePath = nullptr  - Libcurl will use whatever was configured at build time.
LogInit: Build: ++UE4+Release-4.18-CL-3832480
LogInit: Engine Version: 4.18.3-3832480+++UE4+Release-4.18
LogInit: Compatible Engine Version: 4.18.0-3709383+++UE4+Release-4.18
LogInit: Net CL: 3709383
LogDevObjectVersion: Number of dev versions registered: 16
LogDevObjectVersion:   Dev-Blueprints (B0D832E4-1F89-4F0D-ACCF-7EB736FD4AA2): 10
LogDevObjectVersion:   Dev-Build (E1C64328-A22C-4D53-A36C-8E866417BD8C): 0
LogDevObjectVersion:   Dev-Core (375EC13C-06E4-48FB-B500-84F0262A717E): 2
LogDevObjectVersion:   Dev-Editor (E4B068ED-F494-42E9-A231-DA0B2E46BB41): 20
LogDevObjectVersion:   Dev-Framework (CFFC743F-43B0-4480-9391-14DF171D2073): 30
LogDevObjectVersion:   Dev-Mobile (B02B49B5-BB20-44E9-A304-32B752E40360): 0
LogDevObjectVersion:   Dev-Networking (A4E4105C-59A1-49B5-A7C5-40C4547EDFEE): 0
LogDevObjectVersion:   Dev-Online (39C831C9-5AE6-47DC-9A44-9C173E1C8E7C): 0
LogDevObjectVersion:   Dev-Physics (78F01B33-EBEA-4F98-B9B4-84EACCB95AA2): 0
LogDevObjectVersion:   Dev-Platform (6631380F-2D4D-43E0-8009-CF276956A95A): 0
LogDevObjectVersion:   Dev-Rendering (12F88B9F-8875-4AFC-A67C-D90C383ABD29): 20
LogDevObjectVersion:   Dev-Sequencer (7B5AE74C-D270-4C10-A958-57980B212A5A): 4
LogDevObjectVersion:   Dev-VR (D7296918-1DD6-4BDD-9DE2-64A83CC13884): 0
LogDevObjectVersion:   Dev-LoadTimes (C2A15278-BFE7-4AFE-6C17-90FF531DF755): 1
LogDevObjectVersion:   Private-Geometry (6EACA3D4-40EC-4CC1-B786-8BED09428FC5): 1
LogDevObjectVersion:   Dev-AnimPhys (29E575DD-E0A3-4627-9D10-D276232CDCEA): 12
LogInit: Compiled (64-bit): Jan 12 2018 02:04:55
LogInit: Compiled with Visual C++: 19.00.24215.01
LogInit: Build Configuration: Development
LogInit: Branch Name: ++UE4+Release-4.18
LogInit: Command line: -EpicPortal 
LogInit: Base directory: C:/Program Files/Epic Games/UE_4.18/Engine/Binaries/Win64/
LogInit: Installed Engine Build: 1
LogInit: Presizing for max 8388607 objects, including 0 objects not considered by GC, pre-allocating 0 bytes for permanent pool.
LogInit: Object subsystem initialized
[2018.03.12-17.58.51:372][  0]LogInit: Selected Device Profile: [Windows]
[2018.03.12-17.58.51:372][  0]LogInit: Applying CVar settings loaded from the selected device profile: [Windows]
[2018.03.12-17.58.51:384][  0]LogInit: Computer: DESKTOP-5EK2DIL
[2018.03.12-17.58.51:384][  0]LogInit: User: samfo
[2018.03.12-17.58.51:384][  0]LogInit: CPU Page size=4096, Cores=4
[2018.03.12-17.58.51:384][  0]LogInit: High frequency timer resolution =2.742186 MHz
[2018.03.12-17.58.51:384][  0]LogMemory: Memory total: Physical=15.9GB (16GB approx)
[2018.03.12-17.58.51:384][  0]LogMemory: Platform Memory Stats for Windows
[2018.03.12-17.58.51:384][  0]LogMemory: Process Physical Memory: 282.83 MB used, 282.83 MB peak
[2018.03.12-17.58.51:384][  0]LogMemory: Process Virtual Memory: 278.75 MB used, 278.75 MB peak
[2018.03.12-17.58.51:384][  0]LogMemory: Physical Memory: 10790.86 MB used,  5466.09 MB free, 16256.96 MB total
[2018.03.12-17.58.51:384][  0]LogMemory: Virtual Memory: 743.38 MB used,  5466.09 MB free, 134217728.00 MB total
[2018.03.12-17.58.51:978][  0]LogInit: Using OS detected language (en-US).
[2018.03.12-17.58.51:978][  0]LogInit: Using OS detected locale (en-US).
[2018.03.12-17.58.51:980][  0]LogTextLocalizationManager: No specific localization for 'en-US' exists, so the 'en' localization will be used.
[2018.03.12-17.58.52:411][  0]LogInit: Setting process to per monitor DPI aware
[2018.03.12-17.58.52:670][  0]LogD3D11RHI: D3D11 adapters:
[2018.03.12-17.58.52:725][  0]LogD3D11RHI:    0. 'NVIDIA GeForce GTX 1070' (Feature Level 11_0)
[2018.03.12-17.58.52:725][  0]LogD3D11RHI:       8081/0/8128 MB DedicatedVideo/DedicatedSystem/SharedSystem, Outputs:2, VendorId:0x10de
[2018.03.12-17.58.52:737][  0]LogD3D11RHI:    1. 'Intel(R) HD Graphics 630' (Feature Level 11_0)
[2018.03.12-17.58.52:737][  0]LogD3D11RHI:       128/0/8128 MB DedicatedVideo/DedicatedSystem/SharedSystem, Outputs:0, VendorId:0x8086
[2018.03.12-17.58.52:738][  0]LogD3D11RHI:    2. 'Microsoft Basic Render Driver' (Feature Level 11_0)
[2018.03.12-17.58.52:738][  0]LogD3D11RHI:       0/0/8128 MB DedicatedVideo/DedicatedSystem/SharedSystem, Outputs:0, VendorId:0x1414
[2018.03.12-17.58.52:738][  0]LogD3D11RHI: Chosen D3D11 Adapter: 0
[2018.03.12-17.58.52:749][  0]LogD3D11RHI: Creating new Direct3DDevice
[2018.03.12-17.58.52:749][  0]LogD3D11RHI:     GPU DeviceId: 0x1ba1 (for the marketing name, search the web for "GPU Device Id")
[2018.03.12-17.58.52:749][  0]LogWindows: EnumDisplayDevices:
[2018.03.12-17.58.52:749][  0]LogWindows:    0. 'Intel(R) HD Graphics 630' (P:1 D:1)
[2018.03.12-17.58.52:749][  0]LogWindows:    1. 'Intel(R) HD Graphics 630' (P:0 D:0)
[2018.03.12-17.58.52:749][  0]LogWindows:    2. 'Intel(R) HD Graphics 630' (P:0 D:0)
[2018.03.12-17.58.52:749][  0]LogWindows:    3. 'NVIDIA GeForce GTX 1070' (P:0 D:0)
[2018.03.12-17.58.52:749][  0]LogWindows:    4. 'NVIDIA GeForce GTX 1070' (P:0 D:1)
[2018.03.12-17.58.52:749][  0]LogWindows:    5. 'NVIDIA GeForce GTX 1070' (P:0 D:0)
[2018.03.12-17.58.52:750][  0]LogWindows:    6. 'NVIDIA GeForce GTX 1070' (P:0 D:0)
[2018.03.12-17.58.52:750][  0]LogWindows: DebugString: GetVideoDriverDetailsInvalid PrimaryIsNotTheChoosenAdapter GetVideoDriverDetailsInvalid PrimaryIsNotTheChoosenAdapter GetVideoDriverDetailsInvalid PrimaryIsNotTheChoosenAdapter GetVideoDriverDetailsInvalid PrimaryIsNotTheChoosenAdapter GetVideoDriverDetailsInvalid PrimaryIsNotTheChoosenAdapter GetVideoDriverDetailsInvalid PrimaryIsNotTheChoosenAdapter GetVideoDriverDetailsInvalid PrimaryIsNotTheChoosenAdapter FoundDriverCount:0 
[2018.03.12-17.58.52:750][  0]LogD3D11RHI:     Adapter Name: NVIDIA GeForce GTX 1070
[2018.03.12-17.58.52:750][  0]LogD3D11RHI:   Driver Version: Unknown (internal:Unknown, unified:Unknown)
[2018.03.12-17.58.52:750][  0]LogD3D11RHI:      Driver Date: Unknown
[2018.03.12-17.58.52:750][  0]LogRHI: Texture pool is 5656 MB (70% of 8081 MB)
[2018.03.12-17.58.52:783][  0]LogD3D11RHI: Async texture creation enabled
[2018.03.12-17.58.52:842][  0]LogD3D11RHI: GPU Timing Frequency: 1000.000000 (Debug: 2 2)
[2018.03.12-17.58.52:894][  0]LogShaderCompilers: Guid format shader working directory is -24 characters bigger than the processId version (../../../../../../Users/samfo/Documents/GitHub/UnrealHorrorVR/EscapeVR/Intermediate/Shaders/WorkingDirectory/9652/).
[2018.03.12-17.58.52:895][  0]LogShaderCompilers: Cleaned the shader compiler working directory 'C:/Users/samfo/AppData/Local/Temp/UnrealShaderWorkingDir/6B472AC44BF897F4CC61BFBC968EE392/'.
[2018.03.12-17.58.52:895][  0]LogShaderCompilers: Display: Using Local Shader Compiler.
[2018.03.12-17.58.53:859][  0]LogTemp: Display: Loaded TP AllDesktopTargetPlatform
[2018.03.12-17.58.53:912][  0]LogTemp: Display: Loaded TP MacClientTargetPlatform
[2018.03.12-17.58.53:964][  0]LogTemp: Display: Loaded TP MacNoEditorTargetPlatform
[2018.03.12-17.58.54:020][  0]LogTemp: Display: Loaded TP MacServerTargetPlatform
[2018.03.12-17.58.54:075][  0]LogTemp: Display: Loaded TP MacTargetPlatform
[2018.03.12-17.58.54:132][  0]LogTemp: Display: Loaded TP WindowsClientTargetPlatform
[2018.03.12-17.58.54:190][  0]LogTemp: Display: Loaded TP WindowsNoEditorTargetPlatform
[2018.03.12-17.58.54:244][  0]LogTemp: Display: Loaded TP WindowsServerTargetPlatform
[2018.03.12-17.58.54:291][  0]LogTemp: Display: Loaded TP WindowsTargetPlatform
[2018.03.12-17.58.54:344][  0]LogTemp: Display: Loaded TP Android_ASTCTargetPlatform
[2018.03.12-17.58.54:396][  0]LogTemp: Display: Loaded TP Android_ATCTargetPlatform
[2018.03.12-17.58.54:451][  0]LogTemp: Display: Loaded TP Android_DXTTargetPlatform
[2018.03.12-17.58.54:508][  0]LogTemp: Display: Loaded TP Android_ETC1TargetPlatform
[2018.03.12-17.58.54:561][  0]LogTemp: Display: Loaded TP Android_ETC2TargetPlatform
[2018.03.12-17.58.54:670][  0]LogTemp: Display: Loaded TP Android_MultiTargetPlatform
[2018.03.12-17.58.54:670][  0]LogTemp: Display: Loaded TP Android_PVRTCTargetPlatform
[2018.03.12-17.58.54:726][  0]LogTemp: Display: Loaded TP AndroidTargetPlatform
[2018.03.12-17.58.54:770][  0]LogTemp: Display: Loaded TP HTML5TargetPlatform
[2018.03.12-17.58.54:866][  0]LogTemp: Display: Loaded TP IOSTargetPlatform
[2018.03.12-17.58.54:895][  0]LogTemp: Display: Loaded TP TVOSTargetPlatform
[2018.03.12-17.58.54:957][  0]LogTemp: Display: Loaded TP LinuxClientTargetPlatform
[2018.03.12-17.58.55:010][  0]LogTemp: Display: Loaded TP LinuxNoEditorTargetPlatform
[2018.03.12-17.58.55:066][  0]LogTemp: Display: Loaded TP LinuxServerTargetPlatform
[2018.03.12-17.58.55:118][  0]LogTemp: Display: Loaded TP LinuxTargetPlatform
[2018.03.12-17.58.55:118][  0]LogTargetPlatformManager: Display: Building Assets For Windows
[2018.03.12-17.58.55:619][  0]LogDerivedDataCache: Display: Max Cache Size: 512 MB
[2018.03.12-17.58.55:686][  0]LogDerivedDataCache: Loaded boot cache 0.07s 78MB C:/Users/samfo/AppData/Local/UnrealEngine/4.18/DerivedDataCache/Boot.ddc.
[2018.03.12-17.58.55:686][  0]LogDerivedDataCache: Display: Loaded Boot cache: C:/Users/samfo/AppData/Local/UnrealEngine/4.18/DerivedDataCache/Boot.ddc
[2018.03.12-17.58.55:686][  0]LogDerivedDataCache: FDerivedDataBackendGraph:  Pak pak cache file ../../../../../../Users/samfo/Documents/GitHub/UnrealHorrorVR/EscapeVR/DerivedDataCache/DDC.ddp not found, will not use a pak cache.
[2018.03.12-17.58.55:686][  0]LogDerivedDataCache: Unable to find inner node Pak for hierarchical cache Hierarchy.
[2018.03.12-17.58.55:686][  0]LogDerivedDataCache: FDerivedDataBackendGraph:  CompressedPak pak cache file ../../../../../../Users/samfo/Documents/GitHub/UnrealHorrorVR/EscapeVR/DerivedDataCache/Compressed.ddp not found, will not use a pak cache.
[2018.03.12-17.58.55:686][  0]LogDerivedDataCache: Unable to find inner node CompressedPak for hierarchical cache Hierarchy.
[2018.03.12-17.58.55:704][  0]LogDerivedDataCache: Display: Pak cache opened for reading ../../../Engine/DerivedDataCache/Compressed.ddp.
[2018.03.12-17.58.55:716][  0]LogDerivedDataCache: Using Local data cache path C:/Users/samfo/AppData/Local/UnrealEngine/Common/DerivedDataCache: Writable
[2018.03.12-17.58.55:727][  0]LogMaterial: Verifying Global Shaders for PCD3D_SM5
[2018.03.12-17.58.55:727][  0]LogSlate: Using Freetype 2.6.0
[2018.03.12-17.58.55:728][  0]LogSlate: SlateFontCache - WITH_FREETYPE: 1, WITH_HARFBUZZ: 1
[2018.03.12-17.58.55:728][  0]LogSlate: SlateFontCache - WITH_FREETYPE: 1, WITH_HARFBUZZ: 1
[2018.03.12-17.58.56:129][  0]LogInit: Selected Device Profile: [Windows]
[2018.03.12-17.58.56:580][  0]LogSimplygon: Simplygon DLL not present - disabling.
[2018.03.12-17.58.56:629][  0]LogMeshReduction: Using SimplygonSwarm for distributed automatic mesh merging
[2018.03.12-17.58.56:629][  0]LogMeshReduction: Using QuadricMeshReduction for automatic static mesh reduction
[2018.03.12-17.58.56:629][  0]LogMeshReduction: No automatic skeletal mesh reduction module available
[2018.03.12-17.58.56:629][  0]LogMeshReduction: No automatic mesh merging module available
[2018.03.12-17.58.56:629][  0]LogMeshMerging: No automatic mesh merging module available
[2018.03.12-17.58.56:664][  0]LogNetVersion: EscapeVR , NetCL: 3709383, EngineNetVer: 2, GameNetVer: 0 (Checksum: 1782577536)
[2018.03.12-17.58.56:863][  0]LogAssetRegistry: FAssetRegistry took 0.0267 seconds to start up
[2018.03.12-17.58.57:478][  0]LogPackageLocalizationCache: Processed 7 localized package path(s) for 2 prioritized culture(s) in 0.081428 seconds
[2018.03.12-17.58.57:483][  0]LogUObjectArray: 35870 objects as part of root set at end of initial load.
[2018.03.12-17.58.57:483][  0]LogUObjectAllocator: 7363704 out of 0 bytes used by permanent object pool.
[2018.03.12-17.58.57:483][  0]LogUObjectArray: CloseDisregardForGC: 0/0 objects in disregard for GC pool
[2018.03.12-17.58.57:545][  0]LogInit: WinSock: version 1.1 (2.2), MaxSocks=32767, MaxUdp=65467
[2018.03.12-17.59.00:497][  0]LogTcpMessaging: Initializing TcpMessaging bridge
[2018.03.12-17.59.00:547][  0]LogUdpMessaging: Initializing bridge on interface 0.0.0.0:0 to multicast group 230.0.0.1:6666.
[2018.03.12-17.59.01:333][  0]LogMaterial: Uniform references updated for custom material expression Custom.
[2018.03.12-17.59.01:798][  0]SourceControl: Source control is disabled
[2018.03.12-17.59.01:798][  0]SourceControl: Source control is disabled
[2018.03.12-17.59.01:858][  0]SourceControl: Source control is disabled
[2018.03.12-17.59.01:919][  0]SourceControl: Source control is disabled
[2018.03.12-17.59.02:812][  0]LogAndroidPermission: UAndroidPermissionCallbackProxy::GetInstance
[2018.03.12-17.59.03:107][  0]LogOcInput: OculusInput pre-init called
[2018.03.12-17.59.03:399][  0]LogEngine: Initializing Engine...
[2018.03.12-17.59.03:403][  0]LogHMD: Oculus plugin initialized. Version: 4.18.3-3832480+++UE4+Release-4.18, OVRPlugin: 1.19.0
[2018.03.12-17.59.03:654][  0]LogStats: UGameplayTagsManager::ConstructGameplayTagTree: Construct from data asset -  0.000 s
[2018.03.12-17.59.03:654][  0]LogStats: UGameplayTagsManager::ConstructGameplayTagTree: GameplayTagTreeChangedEvent.Broadcast -  0.000 s
[2018.03.12-17.59.03:788][  0]LogAIModule: Creating AISystem for world Untitled
[2018.03.12-17.59.03:822][  0]LogInit: XAudio2 using 'Speakers / Headphones (Realtek Audio)' : 6 channels at 48 kHz using 32 bits per sample (channel mask 0x3f)
[2018.03.12-17.59.03:878][  0]LogInit: FAudioDevice initialized.
[2018.03.12-17.59.03:934][  0]LogDerivedDataCache: Saved boot cache 0.06s 78MB C:/Users/samfo/AppData/Local/UnrealEngine/4.18/DerivedDataCache/Boot.ddc.
[2018.03.12-17.59.03:956][  0]LogInit: Texture streaming: Enabled
[2018.03.12-17.59.04:066][  0]LogEngineSessionManager: EngineSessionManager initialized
[2018.03.12-17.59.04:220][  0]LogInit: Transaction tracking system initialized
[2018.03.12-17.59.04:562][  0]BlueprintLog: New page: Editor Load
[2018.03.12-17.59.05:534][  0]LocalizationService: Localization service is disabled
[2018.03.12-17.59.06:354][  0]LogConsoleResponse: Display: 
[2018.03.12-17.59.06:554][  0]LogCook: Display: Max memory allowance for cook 16384mb min free memory 0mb
[2018.03.12-17.59.06:555][  0]LogCook: Display: Mobile HDR setting 1
[2018.03.12-17.59.06:555][  0]LogGameplayTags: Display: UGameplayTagsManager::DoneAddingNativeTags. DelegateIsBound: 0
[2018.03.12-17.59.06:561][  0]LogFileCache: Scanning file cache for directory 'C:/Users/samfo/Documents/GitHub/UnrealHorrorVR/EscapeVR/Content/' took 0.01s
[2018.03.12-17.59.07:861][  0]SourceControl: Source control is disabled
[2018.03.12-17.59.07:861][  0]Cmd: MAP LOAD FILE="../../../../../../Users/samfo/Documents/GitHub/UnrealHorrorVR/EscapeVR/Content/Maps/Hospital.umap" TEMPLATE=0 SHOWPROGRESS=1 FEATURELEVEL=3
[2018.03.12-17.59.07:861][  0]LightingResults: New page: Lighting Build
[2018.03.12-17.59.07:904][  0]MapCheck: New page: Map Check
[2018.03.12-17.59.07:904][  0]LightingResults: New page: Lighting Build
[2018.03.12-17.59.08:089][  0]LogAIModule: Creating AISystem for world Hospital
[2018.03.12-17.59.08:094][  0]LogEditorServer: Finished looking for orphan Actors (0.000 secs)
[2018.03.12-17.59.08:105][  0]Cmd: MAP CHECKDEP NOCLEARLOG
[2018.03.12-17.59.08:161][  0]MapCheck: Map check complete: 0 Error(s), 0 Warning(s), took 55.094ms to complete.
[2018.03.12-17.59.08:161][  0]LogFileHelpers: Loading map 'Hospital' took 0.300
[2018.03.12-17.59.08:314][  0]LogCollectionManager: Loaded 0 collections in 0.001987 seconds
[2018.03.12-17.59.08:428][  0]LogFileCache: Scanning file cache for directory 'C:/Users/samfo/Documents/GitHub/UnrealHorrorVR/EscapeVR/Saved/Collections/' took 0.01s
[2018.03.12-17.59.08:428][  0]LogFileCache: Scanning file cache for directory 'C:/Users/samfo/Documents/GitHub/UnrealHorrorVR/EscapeVR/Content/Developers/samfo/Collections/' took 0.01s
[2018.03.12-17.59.08:428][  0]LogFileCache: Scanning file cache for directory 'C:/Users/samfo/Documents/GitHub/UnrealHorrorVR/EscapeVR/Content/Collections/' took 0.01s
[2018.03.12-17.59.08:428][  0]LogCollectionManager: Rebuilt the GUID cache for 0 collections in 0.000000 seconds
[2018.03.12-17.59.08:439][  0]LogContentBrowser: Native class hierarchy populated in 0.0109 seconds. Added 2364 classes and 521 folders.
[2018.03.12-17.59.08:533][  0]LogContentBrowser: Native class hierarchy updated for 'WidgetCarousel' in 0.0006 seconds. Added 0 classes and 0 folders.
[2018.03.12-17.59.08:589][  0]LogContentBrowser: Native class hierarchy updated for 'AddContentDialog' in 0.0006 seconds. Added 0 classes and 0 folders.
[2018.03.12-17.59.08:638][  0]LogContentBrowser: Native class hierarchy updated for 'SceneOutliner' in 0.0006 seconds. Added 1 classes and 2 folders.
[2018.03.12-17.59.08:750][  0]LogContentBrowser: Native class hierarchy updated for 'HierarchicalLODOutliner' in 0.0006 seconds. Added 1 classes and 2 folders.
[2018.03.12-17.59.08:751][  0]LogLoad: (Engine Initialization) Total time: 20.44 seconds
[2018.03.12-17.59.08:751][  0]LogLoad: (Engine Initialization) Total Blueprint compile time: 0.00 seconds
[2018.03.12-17.59.08:751][  0]LogExternalProfiler: No external profilers were discovered.  External profiling features will not be available.
[2018.03.12-17.59.08:769][  0]LogWindowsTextInputMethodSystem: Display: IME system now deactivated.
[2018.03.12-17.59.08:776][  0]LogOcInput: OculusInput is initialized
[2018.03.12-17.59.08:794][  0]LogContentStreaming: Texture pool size now 1000 MB
[2018.03.12-17.59.08:795][  0]LogSlate: Took 0.000328 seconds to synchronously load lazily loaded font '../../../Engine/Content/Slate/Fonts/Roboto-Regular.ttf' (155K)
[2018.03.12-17.59.08:797][  0]LogSlate: Took 0.000128 seconds to synchronously load lazily loaded font '../../../Engine/Content/Slate/Fonts/Roboto-Bold.ttf' (160K)
[2018.03.12-17.59.08:801][  0]LogSlate: Took 0.000416 seconds to synchronously load lazily loaded font '../../../Engine/Content/Editor/Slate/Fonts/FontAwesome.ttf' (139K)
[2018.03.12-17.59.08:898][  0]LogSlate: Took 0.000135 seconds to synchronously load lazily loaded font '../../../Engine/Content/Slate/Fonts/Roboto-Light.ttf' (159K)
[2018.03.12-17.59.08:918][  1]LogAssetRegistry: Asset discovery search completed in 12.0776 seconds
[2018.03.12-17.59.08:920][  1]LogCollectionManager: Rebuilt the object cache for 0 collections in 0.000000 seconds (found 0 objects)
[2018.03.12-17.59.08:920][  1]LogCollectionManager: Fixed up redirectors for 0 collections in 0.000101 seconds (updated 0 objects)
[2018.03.12-17.59.08:947][  2]LogRenderer: Reallocating scene render targets to support 804x360 Format 10 NumSamples 1 (Frame:1).
[2018.03.12-17.59.10:766][ 98]LogRenderer: Reallocating scene render targets to support 1208x576 Format 10 NumSamples 1 (Frame:100).
[2018.03.12-17.59.42:362][730]LogDirectoryWatcher: Warning: Failed to begin reading directory changes for ../../../../../../Users/samfo/Documents/GitHub/UnrealHorrorVR/EscapeVR/Plugins/. Error: The system cannot find the file specified. (0x00000002)
[2018.03.12-18.00.14:678][667]LogDirectoryWatcher: A directory notification for '../../../Engine/Plugins/' was aborted.
[2018.03.12-18.00.36:845][295]LogSlate: Only BGRA pngs, bmps or icos are supported in by External Image Picker
[2018.03.12-18.00.36:965][298]LogTemp: Executing iPhonePackager certificates Engine -bundlename com.YourCompany.EscapeVR
[2018.03.12-18.00.36:965][298]LogTemp: CWD: C:\Program Files\Epic Games\UE_4.18\Engine\Binaries\DotNET\IOS
[2018.03.12-18.00.36:965][298]LogTemp: Initial Dir: C:\Program Files\Epic Games\UE_4.18
[2018.03.12-18.00.36:965][298]LogTemp: Env CWD: C:\Program Files\Epic Games\UE_4.18\Engine\Binaries\DotNET\IOS
[2018.03.12-18.00.36:970][298]LogTemp: BranchPath = DESKTOP-5EK2DIL/C/Program Files/Epic Games/UE_4.18/Engine/Binaries --- GameBranchPath = DESKTOP-5EK2DIL/C/Program Files/Epic Games/UE_4.18/Engine/Binaries
[2018.03.12-18.00.36:980][298]LogTemp: IPP ERROR: Could not find provision directory 'C:\Users\samfo\AppData\Local/Apple Computer/MobileDevice/Provisioning Profiles/'.
[2018.03.12-18.01.41:743][172]LogTemp: Repeating last play command: VR Preview
[2018.03.12-18.01.41:793][172]LogPlayLevel: PlayLevel: No blueprints needed recompiling
[2018.03.12-18.01.41:793][172]LogHMD: Initializing OVRPlugin session
[2018.03.12-18.01.41:833][172]PIE: New page: PIE session: Hospital (Mar 12, 2018, 8:01:41 AM)
[2018.03.12-18.01.41:833][172]LogPlayLevel: Creating play world package: /Game/Maps/UEDPIE_0_Hospital
[2018.03.12-18.01.41:840][172]LogPlayLevel: PIE: StaticDuplicateObject took: (0.007648s)
[2018.03.12-18.01.41:841][172]LogAIModule: Creating AISystem for world Hospital
[2018.03.12-18.01.41:842][172]LogPlayLevel: PIE: World Init took: (0.000958s)
[2018.03.12-18.01.41:842][172]LogPlayLevel: PIE: Created PIE world by copying editor world from /Game/Maps/Hospital.Hospital to /Game/Maps/UEDPIE_0_Hospital.Hospital (0.009123s)
[2018.03.12-18.01.41:897][172]LogInit: XAudio2 using 'Headphones (2- Rift Audio)' : 2 channels at 48 kHz using 16 bits per sample (channel mask 0x3)
[2018.03.12-18.01.41:911][172]LogInit: FAudioDevice initialized.
[2018.03.12-18.01.42:007][172]LogHMD: Allocating Oculus 2720 x 1600 rendertarget swapchain
[2018.03.12-18.01.42:049][172]LogUObjectGlobals: Warning: Failed to find object 'Class /Script/EscapeVR.EscapeVRGameMode'
[2018.03.12-18.01.42:049][172]LogLoad: Game class is 'GameModeBase'
[2018.03.12-18.01.42:052][172]LogWorld: Bringing World /Game/Maps/UEDPIE_0_Hospital.Hospital up for play (max tick rate 0) at 2018.03.12-13.01.42
[2018.03.12-18.01.42:053][172]LogWorld: Bringing up level for play took: 0.001420
[2018.03.12-18.01.42:113][172]LogContentBrowser: Native class hierarchy updated for 'MovieSceneCapture' in 0.0019 seconds. Added 11 classes and 0 folders.
[2018.03.12-18.01.42:120][172]PIE: Play in editor start time for /Game/Maps/UEDPIE_0_Hospital -0.016
[2018.03.12-18.01.42:123][172]LogRenderer: Releasing previous depth to switch default clear from depth: 0.000000 stencil: 0 to depth: 0.000000 stencil: 0
[2018.03.12-18.01.42:123][172]LogHMD: Allocating Oculus 1208 x 576 depth rendertarget swapchain
[2018.03.12-18.01.42:154][172]LogRenderer: Reallocating scene render targets to support 2720x1600 Format 10 NumSamples 1 (Frame:1).
[2018.03.12-18.01.42:155][172]LogHMD: Allocating Oculus 2720 x 1600 depth rendertarget swapchain
[2018.03.12-18.02.23:337][357]LogSlate: Took 0.000302 seconds to synchronously load lazily loaded font '../../../Engine/Content/Editor/Slate/Fonts/DroidSansMono.ttf' (77K)
[2018.03.12-18.02.54:714][213]LogTemp: Repeating last play command: VR Preview
[2018.03.12-18.02.54:729][213]LogPlayLevel: PlayLevel: No blueprints needed recompiling
[2018.03.12-18.02.54:729][213]LogHMD: Initializing OVRPlugin session
[2018.03.12-18.02.54:758][213]PIE: New page: PIE session: Hospital (Mar 12, 2018, 8:02:54 AM)
[2018.03.12-18.02.54:759][213]LogPlayLevel: Creating play world package: /Game/Maps/UEDPIE_0_Hospital
[2018.03.12-18.02.54:766][213]LogPlayLevel: PIE: StaticDuplicateObject took: (0.007004s)
[2018.03.12-18.02.54:767][213]LogAIModule: Creating AISystem for world Hospital
[2018.03.12-18.02.54:767][213]LogPlayLevel: PIE: World Init took: (0.001244s)
[2018.03.12-18.02.54:767][213]LogPlayLevel: PIE: Created PIE world by copying editor world from /Game/Maps/Hospital.Hospital to /Game/Maps/UEDPIE_0_Hospital.Hospital (0.008990s)
[2018.03.12-18.02.54:817][213]LogInit: XAudio2 using 'Headphones (2- Rift Audio)' : 2 channels at 48 kHz using 16 bits per sample (channel mask 0x3)
[2018.03.12-18.02.54:827][213]LogInit: FAudioDevice initialized.
[2018.03.12-18.02.54:918][213]LogHMD: Allocating Oculus 2720 x 1600 rendertarget swapchain
[2018.03.12-18.02.54:946][213]LogLoad: Game class is 'GameModeBase'
[2018.03.12-18.02.54:948][213]LogWorld: Bringing World /Game/Maps/UEDPIE_0_Hospital.Hospital up for play (max tick rate 0) at 2018.03.12-13.02.54
[2018.03.12-18.02.54:948][213]LogWorld: Bringing up level for play took: 0.001079
[2018.03.12-18.02.54:954][213]PIE: Play in editor start time for /Game/Maps/UEDPIE_0_Hospital 0.818
[2018.03.12-18.02.54:957][213]LogRenderer: Releasing previous depth to switch default clear from depth: 0.000000 stencil: 0 to depth: 0.000000 stencil: 0
[2018.03.12-18.02.54:957][213]LogHMD: Allocating Oculus 2720 x 1600 depth rendertarget swapchain
[2018.03.12-18.05.09:402][525]Cmd: DELETE
[2018.03.12-18.05.09:402][525]Cmd: ACTOR DELETE
[2018.03.12-18.05.09:420][525]LogEditorActor: Deleted Actor: Pawn
[2018.03.12-18.05.09:428][525]LogEditorActor: Deleted 1 Actors (0.013 secs)
[2018.03.12-18.06.39:064][875]LogTemp: Repeating last play command: VR Preview
[2018.03.12-18.06.39:080][875]LogPlayLevel: PlayLevel: No blueprints needed recompiling
[2018.03.12-18.06.39:080][875]LogHMD: Initializing OVRPlugin session
[2018.03.12-18.06.39:110][875]PIE: New page: PIE session: Hospital (Mar 12, 2018, 8:06:39 AM)
[2018.03.12-18.06.39:110][875]LogPlayLevel: Creating play world package: /Game/Maps/UEDPIE_0_Hospital
[2018.03.12-18.06.39:115][875]LogPlayLevel: PIE: StaticDuplicateObject took: (0.005132s)
[2018.03.12-18.06.39:116][875]LogAIModule: Creating AISystem for world Hospital
[2018.03.12-18.06.39:117][875]LogPlayLevel: PIE: World Init took: (0.001013s)
[2018.03.12-18.06.39:117][875]LogPlayLevel: PIE: Created PIE world by copying editor world from /Game/Maps/Hospital.Hospital to /Game/Maps/UEDPIE_0_Hospital.Hospital (0.006866s)
[2018.03.12-18.06.39:165][875]LogInit: XAudio2 using 'Headphones (2- Rift Audio)' : 2 channels at 48 kHz using 16 bits per sample (channel mask 0x3)
[2018.03.12-18.06.39:177][875]LogInit: FAudioDevice initialized.
[2018.03.12-18.06.39:269][875]LogHMD: Allocating Oculus 2720 x 1600 rendertarget swapchain
[2018.03.12-18.06.39:298][875]LogLoad: Game class is 'GameModeBase'
[2018.03.12-18.06.39:299][875]LogWorld: Bringing World /Game/Maps/UEDPIE_0_Hospital.Hospital up for play (max tick rate 0) at 2018.03.12-13.06.39
[2018.03.12-18.06.39:310][875]LogWorld: Bringing up level for play took: 0.011029
[2018.03.12-18.06.39:317][875]PIE: Play in editor start time for /Game/Maps/UEDPIE_0_Hospital 1.181
[2018.03.12-18.06.39:322][875]LogRenderer: Releasing previous depth to switch default clear from depth: 0.000000 stencil: 0 to depth: 0.000000 stencil: 0
[2018.03.12-18.06.39:322][875]LogHMD: Allocating Oculus 2720 x 1600 depth rendertarget swapchain
[2018.03.12-18.06.44:447][382]LogEditorViewport: Clicking on Actor (LMB): Pawn (Pawn)
[2018.03.12-18.06.52:159][843]LogTemp: Repeating last play command: VR Preview
[2018.03.12-18.06.52:174][843]LogPlayLevel: PlayLevel: No blueprints needed recompiling
[2018.03.12-18.06.52:174][843]LogHMD: Initializing OVRPlugin session
[2018.03.12-18.06.52:204][843]PIE: New page: PIE session: Hospital (Mar 12, 2018, 8:06:52 AM)
[2018.03.12-18.06.52:205][843]LogPlayLevel: Creating play world package: /Game/Maps/UEDPIE_0_Hospital
[2018.03.12-18.06.52:211][843]LogPlayLevel: PIE: StaticDuplicateObject took: (0.005835s)
[2018.03.12-18.06.52:212][843]LogAIModule: Creating AISystem for world Hospital
[2018.03.12-18.06.52:212][843]LogPlayLevel: PIE: World Init took: (0.000959s)
[2018.03.12-18.06.52:212][843]LogPlayLevel: PIE: Created PIE world by copying editor world from /Game/Maps/Hospital.Hospital to /Game/Maps/UEDPIE_0_Hospital.Hospital (0.007545s)
[2018.03.12-18.06.52:258][843]LogInit: XAudio2 using 'Headphones (2- Rift Audio)' : 2 channels at 48 kHz using 16 bits per sample (channel mask 0x3)
[2018.03.12-18.06.52:269][843]LogInit: FAudioDevice initialized.
[2018.03.12-18.06.52:361][843]LogHMD: Allocating Oculus 2720 x 1600 rendertarget swapchain
[2018.03.12-18.06.52:389][843]LogLoad: Game class is 'GameModeBase'
[2018.03.12-18.06.52:392][843]LogWorld: Bringing World /Game/Maps/UEDPIE_0_Hospital.Hospital up for play (max tick rate 0) at 2018.03.12-13.06.52
[2018.03.12-18.06.52:392][843]LogWorld: Bringing up level for play took: 0.001914
[2018.03.12-18.06.52:399][843]PIE: Play in editor start time for /Game/Maps/UEDPIE_0_Hospital 0.263
[2018.03.12-18.06.52:401][843]LogRenderer: Releasing previous depth to switch default clear from depth: 0.000000 stencil: 0 to depth: 0.000000 stencil: 0
[2018.03.12-18.06.52:401][843]LogHMD: Allocating Oculus 2720 x 1600 depth rendertarget swapchain
[2018.03.12-18.07.10:353][886]LogSlate: Took 0.004437 seconds to synchronously load lazily loaded font '../../../Engine/Content/Editor/Slate/Fonts/Roboto-Italic.ttf' (157K)
[2018.03.12-18.07.17:104][363]LogEditorViewport: Clicking on Actor (LMB): Pawn (Pawn)
[2018.03.12-18.07.42:749][158]LogContentBrowser: Native class hierarchy updated for 'BlueprintGraph' in 0.0012 seconds. Added 116 classes and 0 folders.
[2018.03.12-18.08.43:602][704]LogSlate: Took 0.000127 seconds to synchronously load lazily loaded font '../../../Engine/Content/Slate/Fonts/Roboto-Light.ttf' (159K)
[2018.03.12-18.08.46:940][854]LogTemp: Repeating last play command: VR Preview
[2018.03.12-18.08.46:959][854]LogPlayLevel: PlayLevel: No blueprints needed recompiling
[2018.03.12-18.08.46:959][854]LogHMD: Initializing OVRPlugin session
[2018.03.12-18.08.46:994][854]PIE: New page: PIE session: Hospital (Mar 12, 2018, 8:08:46 AM)
[2018.03.12-18.08.46:994][854]LogPlayLevel: Creating play world package: /Game/Maps/UEDPIE_0_Hospital
[2018.03.12-18.08.47:001][854]LogPlayLevel: PIE: StaticDuplicateObject took: (0.006351s)
[2018.03.12-18.08.47:001][854]LogAIModule: Creating AISystem for world Hospital
[2018.03.12-18.08.47:002][854]LogPlayLevel: PIE: World Init took: (0.001013s)
[2018.03.12-18.08.47:002][854]LogPlayLevel: PIE: Created PIE world by copying editor world from /Game/Maps/Hospital.Hospital to /Game/Maps/UEDPIE_0_Hospital.Hospital (0.008153s)
[2018.03.12-18.08.47:064][854]LogInit: XAudio2 using 'Headphones (2- Rift Audio)' : 2 channels at 48 kHz using 16 bits per sample (channel mask 0x3)
[2018.03.12-18.08.47:078][854]LogInit: FAudioDevice initialized.
[2018.03.12-18.08.47:173][854]LogHMD: Allocating Oculus 2720 x 1600 rendertarget swapchain
[2018.03.12-18.08.47:201][854]LogLoad: Game class is 'GameModeBase'
[2018.03.12-18.08.47:202][854]LogWorld: Bringing World /Game/Maps/UEDPIE_0_Hospital.Hospital up for play (max tick rate 0) at 2018.03.12-13.08.47
[2018.03.12-18.08.47:203][854]LogWorld: Bringing up level for play took: 0.000890
[2018.03.12-18.08.47:209][854]PIE: Play in editor start time for /Game/Maps/UEDPIE_0_Hospital 1.073
[2018.03.12-18.08.47:212][854]LogRenderer: Releasing previous depth to switch default clear from depth: 0.000000 stencil: 0 to depth: 0.000000 stencil: 0
[2018.03.12-18.08.47:212][854]LogHMD: Allocating Oculus 2720 x 1600 depth rendertarget swapchain
[2018.03.12-18.09.18:816][826]LogEditorViewport: Clicking on Actor (LMB): Pawn (Pawn)
[2018.03.12-18.09.20:920][951]LogEditorViewport: Clicking on Actor (LMB): Pawn (Pawn2)
[2018.03.12-18.09.22:941][ 71]Cmd: DELETE
[2018.03.12-18.09.22:941][ 71]Cmd: ACTOR DELETE
[2018.03.12-18.09.22:943][ 71]LogEditorActor: Deleted Actor: Pawn
[2018.03.12-18.09.22:961][ 71]LogEditorActor: Deleted 1 Actors (0.019 secs)
[2018.03.12-18.11.45:212][443]LogSlate: Took 0.012331 seconds to synchronously load lazily loaded font '../../../Engine/Content/Editor/Slate/Fonts/Roboto-BoldCondensed.ttf' (158K)
[2018.03.12-18.13.09:364][707]LogSlate: Took 0.000213 seconds to synchronously load lazily loaded font '../../../Engine/Content/Slate/Fonts/Roboto-Light.ttf' (159K)
[2018.03.12-18.13.18:469][734]LogSavePackage: Save=40.23ms
[2018.03.12-18.13.18:469][734]LogSavePackage: Moving '../../../../../../Users/samfo/Documents/GitHub/UnrealHorrorVR/EscapeVR/Saved/Hospital_Auto19705EA724274755A2A581EB0894959F3.tmp' to '../../../../../../Users/samfo/Documents/GitHub/UnrealHorrorVR/EscapeVR/Saved/Autosaves/Game/Maps/Hospital_Auto1.umap'
[2018.03.12-18.13.18:472][734]LogSavePackage: Display: Finished SavePackage ../../../../../../Users/samfo/Documents/GitHub/UnrealHorrorVR/EscapeVR/Saved/Autosaves/Game/Maps/Hospital_Auto1.umap
[2018.03.12-18.13.18:476][734]LogFileHelpers: Editor autosave (incl. sublevels) for '/Game/Maps/Hospital' took 0.084
[2018.03.12-18.13.18:476][734]LogFileHelpers: Editor autosave (incl. sublevels) for all levels took 0.084
[2018.03.12-18.13.18:480][734]OBJ SavePackage: Generating thumbnails for [0] asset(s) in package [/Game/Pawn_Blueprint] ([1] browsable assets)...
[2018.03.12-18.13.18:481][734]OBJ SavePackage: Finished generating thumbnails for package [/Game/Pawn_Blueprint]
[2018.03.12-18.13.18:502][734]LogSavePackage: Save=18.70ms
[2018.03.12-18.13.18:502][734]LogSavePackage: Moving '../../../../../../Users/samfo/Documents/GitHub/UnrealHorrorVR/EscapeVR/Saved/Pawn_Blueprint_Auto1E6BFAF5C46D77057075574A312978EA4.tmp' to '../../../../../../Users/samfo/Documents/GitHub/UnrealHorrorVR/EscapeVR/Saved/Autosaves/Game/Pawn_Blueprint_Auto1.uasset'
[2018.03.12-18.13.18:504][734]LogSavePackage: Display: Finished SavePackage ../../../../../../Users/samfo/Documents/GitHub/UnrealHorrorVR/EscapeVR/Saved/Autosaves/Game/Pawn_Blueprint_Auto1.uasset
[2018.03.12-18.13.18:505][734]LogFileHelpers: Auto-saving content packages took 0.026
[2018.03.12-18.18.12:104][ 15]LogSlate: Took 0.004854 seconds to synchronously load lazily loaded font '../../../Engine/Content/Editor/Slate/Fonts/Roboto-BoldCondensedItalic.ttf' (160K)
[2018.03.12-18.19.07:570][326]BlueprintLog: New page: Compile Pawn_Blueprint
[2018.03.12-18.21.21:259][252]Cmd: OBJ SAVEPACKAGE PACKAGE="/Game/Pawn_Blueprint" FILE="../../../../../../Users/samfo/Documents/GitHub/UnrealHorrorVR/EscapeVR/Content/Pawn_Blueprint.uasset" SILENT=true
[2018.03.12-18.21.21:288][252]LogSavePackage: Save=24.63ms
[2018.03.12-18.21.21:288][252]LogSavePackage: Moving '../../../../../../Users/samfo/Documents/GitHub/UnrealHorrorVR/EscapeVR/Saved/Pawn_Blueprint29B049E847343C1D4A97779F6AC055E0.tmp' to '../../../../../../Users/samfo/Documents/GitHub/UnrealHorrorVR/EscapeVR/Content/Pawn_Blueprint.uasset'
[2018.03.12-18.21.21:296][252]LogSavePackage: Display: Finished SavePackage ../../../../../../Users/samfo/Documents/GitHub/UnrealHorrorVR/EscapeVR/Content/Pawn_Blueprint.uasset
[2018.03.12-18.21.22:016][295]BlueprintLog: New page: Compile Pawn_Blueprint
[2018.03.12-18.21.22:946][327]Cmd: OBJ SAVEPACKAGE PACKAGE="/Game/Pawn_Blueprint" FILE="../../../../../../Users/samfo/Documents/GitHub/UnrealHorrorVR/EscapeVR/Content/Pawn_Blueprint.uasset" SILENT=true
[2018.03.12-18.21.22:980][327]LogSavePackage: Save=19.08ms
[2018.03.12-18.21.22:980][327]LogSavePackage: Moving '../../../../../../Users/samfo/Documents/GitHub/UnrealHorrorVR/EscapeVR/Saved/Pawn_BlueprintCFB88B084EBE5BE65E6B5CB7487A1AD5.tmp' to '../../../../../../Users/samfo/Documents/GitHub/UnrealHorrorVR/EscapeVR/Content/Pawn_Blueprint.uasset'
[2018.03.12-18.21.22:982][327]LogSavePackage: Display: Finished SavePackage ../../../../../../Users/samfo/Documents/GitHub/UnrealHorrorVR/EscapeVR/Content/Pawn_Blueprint.uasset
[2018.03.12-18.21.29:873][609]LogEditorViewport: Clicking on Actor (LMB): Pawn_Blueprint_C (Pawn_Blueprint)
[2018.03.12-18.23.41:429][460]LogTemp: Repeating last play command: VR Preview
[2018.03.12-18.23.41:448][460]LogPlayLevel: PlayLevel: No blueprints needed recompiling
[2018.03.12-18.23.41:449][460]LogHMD: Initializing OVRPlugin session
[2018.03.12-18.23.41:516][460]PIE: New page: PIE session: Hospital (Mar 12, 2018, 8:23:41 AM)
[2018.03.12-18.23.41:516][460]LogPlayLevel: Creating play world package: /Game/Maps/UEDPIE_0_Hospital
[2018.03.12-18.23.41:523][460]LogPlayLevel: PIE: StaticDuplicateObject took: (0.006657s)
[2018.03.12-18.23.41:524][460]LogAIModule: Creating AISystem for world Hospital
[2018.03.12-18.23.41:525][460]LogPlayLevel: PIE: World Init took: (0.001152s)
[2018.03.12-18.23.41:525][460]LogPlayLevel: PIE: Created PIE world by copying editor world from /Game/Maps/Hospital.Hospital to /Game/Maps/UEDPIE_0_Hospital.Hospital (0.008597s)
[2018.03.12-18.23.41:609][460]LogInit: XAudio2 using 'Headphones (2- Rift Audio)' : 2 channels at 48 kHz using 16 bits per sample (channel mask 0x3)
[2018.03.12-18.23.41:623][460]LogInit: FAudioDevice initialized.
[2018.03.12-18.23.41:724][460]LogHMD: Allocating Oculus 2720 x 1600 rendertarget swapchain
[2018.03.12-18.23.41:754][460]LogLoad: Game class is 'GameModeBase'
[2018.03.12-18.23.41:809][460]LogWorld: Bringing World /Game/Maps/UEDPIE_0_Hospital.Hospital up for play (max tick rate 0) at 2018.03.12-13.23.41
[2018.03.12-18.23.41:818][460]LogWorld: Bringing up level for play took: 0.062608
[2018.03.12-18.23.41:833][460]PIE: Play in editor start time for /Game/Maps/UEDPIE_0_Hospital -0.303
[2018.03.12-18.23.41:837][460]LogRenderer: Releasing previous depth to switch default clear from depth: 0.000000 stencil: 0 to depth: 0.000000 stencil: 0
[2018.03.12-18.23.41:837][460]LogHMD: Allocating Oculus 2720 x 1600 depth rendertarget swapchain
[2018.03.12-18.25.59:665][385]LogTemp: Repeating last play command: VR Preview
[2018.03.12-18.25.59:682][385]LogPlayLevel: PlayLevel: No blueprints needed recompiling
[2018.03.12-18.25.59:682][385]LogHMD: Initializing OVRPlugin session
[2018.03.12-18.25.59:713][385]PIE: New page: PIE session: Hospital (Mar 12, 2018, 8:25:59 AM)
[2018.03.12-18.25.59:713][385]LogPlayLevel: Creating play world package: /Game/Maps/UEDPIE_0_Hospital
[2018.03.12-18.25.59:719][385]LogPlayLevel: PIE: StaticDuplicateObject took: (0.005520s)
[2018.03.12-18.25.59:720][385]LogAIModule: Creating AISystem for world Hospital
[2018.03.12-18.25.59:720][385]LogPlayLevel: PIE: World Init took: (0.001196s)
[2018.03.12-18.25.59:721][385]LogPlayLevel: PIE: Created PIE world by copying editor world from /Game/Maps/Hospital.Hospital to /Game/Maps/UEDPIE_0_Hospital.Hospital (0.007448s)
[2018.03.12-18.25.59:799][385]LogInit: XAudio2 using 'Headphones (2- Rift Audio)' : 2 channels at 48 kHz using 16 bits per sample (channel mask 0x3)
[2018.03.12-18.25.59:810][385]LogInit: FAudioDevice initialized.
[2018.03.12-18.25.59:910][385]LogHMD: Allocating Oculus 2720 x 1600 rendertarget swapchain
[2018.03.12-18.25.59:943][385]LogLoad: Game class is 'GameModeBase'
[2018.03.12-18.25.59:944][385]LogWorld: Bringing World /Game/Maps/UEDPIE_0_Hospital.Hospital up for play (max tick rate 0) at 2018.03.12-13.25.59
[2018.03.12-18.25.59:945][385]LogWorld: Bringing up level for play took: 0.000816
[2018.03.12-18.25.59:953][385]PIE: Play in editor start time for /Game/Maps/UEDPIE_0_Hospital -0.183
[2018.03.12-18.25.59:956][385]LogRenderer: Releasing previous depth to switch default clear from depth: 0.000000 stencil: 0 to depth: 0.000000 stencil: 0
[2018.03.12-18.25.59:956][385]LogHMD: Allocating Oculus 2720 x 1600 depth rendertarget swapchain
[2018.03.12-18.26.41:392][774]BlueprintLog: New page: Compile Pawn_Blueprint
[2018.03.12-18.26.42:144][801]Cmd: OBJ SAVEPACKAGE PACKAGE="/Game/Pawn_Blueprint" FILE="../../../../../../Users/samfo/Documents/GitHub/UnrealHorrorVR/EscapeVR/Content/Pawn_Blueprint.uasset" SILENT=true
[2018.03.12-18.26.42:179][801]LogSavePackage: Save=20.05ms
[2018.03.12-18.26.42:180][801]LogSavePackage: Moving '../../../../../../Users/samfo/Documents/GitHub/UnrealHorrorVR/EscapeVR/Saved/Pawn_Blueprint1D98D8754009377C47A285A056B50E9E.tmp' to '../../../../../../Users/samfo/Documents/GitHub/UnrealHorrorVR/EscapeVR/Content/Pawn_Blueprint.uasset'
[2018.03.12-18.26.42:187][801]LogSavePackage: Display: Finished SavePackage ../../../../../../Users/samfo/Documents/GitHub/UnrealHorrorVR/EscapeVR/Content/Pawn_Blueprint.uasset
[2018.03.12-18.26.43:567][883]LogTemp: Repeating last play command: VR Preview
[2018.03.12-18.26.43:585][883]LogPlayLevel: PlayLevel: No blueprints needed recompiling
[2018.03.12-18.26.43:585][883]LogHMD: Initializing OVRPlugin session
[2018.03.12-18.26.43:614][883]PIE: New page: PIE session: Hospital (Mar 12, 2018, 8:26:43 AM)
[2018.03.12-18.26.43:614][883]LogPlayLevel: Creating play world package: /Game/Maps/UEDPIE_0_Hospital
[2018.03.12-18.26.43:620][883]LogPlayLevel: PIE: StaticDuplicateObject took: (0.005726s)
[2018.03.12-18.26.43:622][883]LogAIModule: Creating AISystem for world Hospital
[2018.03.12-18.26.43:622][883]LogPlayLevel: PIE: World Init took: (0.001690s)
[2018.03.12-18.26.43:623][883]LogPlayLevel: PIE: Created PIE world by copying editor world from /Game/Maps/Hospital.Hospital to /Game/Maps/UEDPIE_0_Hospital.Hospital (0.008276s)
[2018.03.12-18.26.43:670][883]LogInit: XAudio2 using 'Headphones (2- Rift Audio)' : 2 channels at 48 kHz using 16 bits per sample (channel mask 0x3)
[2018.03.12-18.26.43:679][883]LogInit: FAudioDevice initialized.
[2018.03.12-18.26.43:770][883]LogHMD: Allocating Oculus 2720 x 1600 rendertarget swapchain
[2018.03.12-18.26.43:803][883]LogLoad: Game class is 'GameModeBase'
[2018.03.12-18.26.43:805][883]LogWorld: Bringing World /Game/Maps/UEDPIE_0_Hospital.Hospital up for play (max tick rate 0) at 2018.03.12-13.26.43
[2018.03.12-18.26.43:805][883]LogWorld: Bringing up level for play took: 0.001248
[2018.03.12-18.26.43:820][883]PIE: Play in editor start time for /Game/Maps/UEDPIE_0_Hospital -0.316
[2018.03.12-18.26.43:825][883]LogRenderer: Releasing previous depth to switch default clear from depth: 0.000000 stencil: 0 to depth: 0.000000 stencil: 0
[2018.03.12-18.26.43:825][883]LogHMD: Allocating Oculus 2720 x 1600 depth rendertarget swapchain
[2018.03.12-18.27.48:899][916]LogSavePackage: Save=40.10ms
[2018.03.12-18.27.48:899][916]LogSavePackage: Moving '../../../../../../Users/samfo/Documents/GitHub/UnrealHorrorVR/EscapeVR/Saved/Hospital_Auto23FA8B4B4445BADC281C62EB7E07EE843.tmp' to '../../../../../../Users/samfo/Documents/GitHub/UnrealHorrorVR/EscapeVR/Saved/Autosaves/Game/Maps/Hospital_Auto2.umap'
[2018.03.12-18.27.48:901][916]LogSavePackage: Display: Finished SavePackage ../../../../../../Users/samfo/Documents/GitHub/UnrealHorrorVR/EscapeVR/Saved/Autosaves/Game/Maps/Hospital_Auto2.umap
[2018.03.12-18.27.48:908][916]LogFileHelpers: Editor autosave (incl. sublevels) for '/Game/Maps/Hospital' took 0.084
[2018.03.12-18.27.48:908][916]LogFileHelpers: Editor autosave (incl. sublevels) for all levels took 0.084
[2018.03.12-18.27.48:911][916]OBJ SavePackage: Generating thumbnails for [0] asset(s) in package [/Game/Pawn_Blueprint] ([1] browsable assets)...
[2018.03.12-18.27.48:911][916]OBJ SavePackage: Finished generating thumbnails for package [/Game/Pawn_Blueprint]
[2018.03.12-18.27.48:934][916]LogSavePackage: Save=19.59ms
[2018.03.12-18.27.48:934][916]LogSavePackage: Moving '../../../../../../Users/samfo/Documents/GitHub/UnrealHorrorVR/EscapeVR/Saved/Pawn_Blueprint_Auto25A711BE044D6E067A807208F0F93D62B.tmp' to '../../../../../../Users/samfo/Documents/GitHub/UnrealHorrorVR/EscapeVR/Saved/Autosaves/Game/Pawn_Blueprint_Auto2.uasset'
[2018.03.12-18.27.48:937][916]LogSavePackage: Display: Finished SavePackage ../../../../../../Users/samfo/Documents/GitHub/UnrealHorrorVR/EscapeVR/Saved/Autosaves/Game/Pawn_Blueprint_Auto2.uasset
[2018.03.12-18.27.48:937][916]LogFileHelpers: Auto-saving content packages took 0.027
[2018.03.12-18.35.59:146][453]Cmd: OBJ SAVEPACKAGE PACKAGE="/Game/Maps/Hospital" FILE="../../../../../../Users/samfo/Documents/GitHub/UnrealHorrorVR/EscapeVR/Content/Maps/Hospital.umap" SILENT=true AUTOSAVING=false KEEPDIRTY=false
[2018.03.12-18.35.59:220][453]LogSavePackage: Save=43.29ms
[2018.03.12-18.35.59:221][453]LogSavePackage: Moving '../../../../../../Users/samfo/Documents/GitHub/UnrealHorrorVR/EscapeVR/Saved/HospitalFE4B33204B4A2CDEFAE703B1F8A35304.tmp' to '../../../../../../Users/samfo/Documents/GitHub/UnrealHorrorVR/EscapeVR/Content/Maps/Hospital.umap'
[2018.03.12-18.35.59:228][453]LogSavePackage: Display: Finished SavePackage ../../../../../../Users/samfo/Documents/GitHub/UnrealHorrorVR/EscapeVR/Content/Maps/Hospital.umap
[2018.03.12-18.35.59:280][453]Cmd: OBJ SAVEPACKAGE PACKAGE="/Game/Maps/Hospital_BuiltData" FILE="../../../../../../Users/samfo/Documents/GitHub/UnrealHorrorVR/EscapeVR/Content/Maps/Hospital_BuiltData.uasset" SILENT=true
[2018.03.12-18.35.59:301][453]LogSavePackage: Save=13.29ms
[2018.03.12-18.35.59:301][453]LogSavePackage: Moving '../../../../../../Users/samfo/Documents/GitHub/UnrealHorrorVR/EscapeVR/Saved/Hospital_BuiltData0C9987DF4D09ED1ADB2676833F9AFEA3.tmp' to '../../../../../../Users/samfo/Documents/GitHub/UnrealHorrorVR/EscapeVR/Content/Maps/Hospital_BuiltData.uasset'
[2018.03.12-18.35.59:303][453]LogSavePackage: Display: Finished SavePackage ../../../../../../Users/samfo/Documents/GitHub/UnrealHorrorVR/EscapeVR/Content/Maps/Hospital_BuiltData.uasset
[2018.03.12-18.36.03:939][656]Cmd: OBJ SAVEPACKAGE PACKAGE="/Game/Pawn_Blueprint" FILE="../../../../../../Users/samfo/Documents/GitHub/UnrealHorrorVR/EscapeVR/Content/Pawn_Blueprint.uasset" SILENT=true
[2018.03.12-18.36.03:974][656]LogSavePackage: Save=24.61ms
[2018.03.12-18.36.03:974][656]LogSavePackage: Moving '../../../../../../Users/samfo/Documents/GitHub/UnrealHorrorVR/EscapeVR/Saved/Pawn_Blueprint5D135460478763207A4E34A3700456B7.tmp' to '../../../../../../Users/samfo/Documents/GitHub/UnrealHorrorVR/EscapeVR/Content/Pawn_Blueprint.uasset'
[2018.03.12-18.36.03:981][656]LogSavePackage: Display: Finished SavePackage ../../../../../../Users/samfo/Documents/GitHub/UnrealHorrorVR/EscapeVR/Content/Pawn_Blueprint.uasset
[2018.03.12-18.36.04:138][656]LogWindowsTextInputMethodSystem: Display: IME system now deactivated.
[2018.03.12-18.36.04:374][657]Cmd: QUIT_EDITOR
[2018.03.12-18.36.05:380][657]LogExit: Preparing to exit.
[2018.03.12-18.36.05:622][657]LogDirectoryWatcher: A directory notification for 'C:/Users/samfo/Documents/GitHub/UnrealHorrorVR/EscapeVR/Content/' was aborted.
[2018.03.12-18.36.05:703][657]LogExit: Editor shut down
[2018.03.12-18.36.05:711][657]LogExit: Transaction tracking system shut down
[2018.03.12-18.36.05:978][657]LogDirectoryWatcher: A directory notification for '../../../Engine/Content/' was aborted.
[2018.03.12-18.36.05:978][657]LogDirectoryWatcher: A directory notification for '../../../../../../Users/samfo/Documents/GitHub/UnrealHorrorVR/EscapeVR/Content/' was aborted.
[2018.03.12-18.36.05:978][657]LogDirectoryWatcher: A directory notification for '../../../Engine/Plugins/2D/Paper2D/Content/' was aborted.
[2018.03.12-18.36.05:978][657]LogDirectoryWatcher: A directory notification for '../../../Engine/Plugins/Media/MediaCompositing/Content/' was aborted.
[2018.03.12-18.36.05:978][657]LogDirectoryWatcher: A directory notification for '../../../Engine/Plugins/Runtime/AppleARKit/Content/' was aborted.
[2018.03.12-18.36.05:978][657]LogDirectoryWatcher: A directory notification for '../../../Engine/Plugins/Runtime/Oculus/OculusVR/Content/' was aborted.
[2018.03.12-18.36.05:978][657]LogDirectoryWatcher: A directory notification for '../../../Engine/Plugins/Runtime/Steam/SteamVR/Content/' was aborted.
[2018.03.12-18.36.06:097][657]LogExit: Object subsystem successfully closed.
[2018.03.12-18.36.06:122][657]LogD3D11RHI: Shutdown
[2018.03.12-18.36.06:122][657]LogD3D11RHI: CleanupD3DDevice
[2018.03.12-18.36.06:126][657]LogD3D11RHI: ~FD3D11DynamicRHI
[2018.03.12-18.36.06:142][657]LogModuleManager: Shutting down and abandoning module BlueprintGraph (556)
[2018.03.12-18.36.06:143][657]LogModuleManager: Shutting down and abandoning module MovieSceneCapture (554)
[2018.03.12-18.36.06:143][657]LogModuleManager: Shutting down and abandoning module ExternalImagePicker (552)
[2018.03.12-18.36.06:143][657]LogModuleManager: Shutting down and abandoning module HierarchicalLODOutliner (550)
[2018.03.12-18.36.06:143][657]LogModuleManager: Shutting down and abandoning module DesktopPlatform (548)
[2018.03.12-18.36.06:143][657]LogModuleManager: Shutting down and abandoning module SceneOutliner (546)
[2018.03.12-18.36.06:143][657]LogModuleManager: Shutting down and abandoning module AddContentDialog (544)
[2018.03.12-18.36.06:143][657]LogDirectoryWatcher: A directory notification for 'C:/Program Files/Epic Games/UE_4.18/FeaturePacks/' was aborted.
[2018.03.12-18.36.06:152][657]LogModuleManager: Shutting down and abandoning module WidgetCarousel (543)
[2018.03.12-18.36.06:153][657]LogModuleManager: Shutting down and abandoning module EditorWidgets (540)
[2018.03.12-18.36.06:153][657]LogModuleManager: Shutting down and abandoning module CollectionManager (538)
[2018.03.12-18.36.06:153][657]LogDirectoryWatcher: A directory notification for 'C:/Users/samfo/Documents/GitHub/UnrealHorrorVR/EscapeVR/Content/Collections/' was aborted.
[2018.03.12-18.36.06:153][657]LogDirectoryWatcher: A directory notification for 'C:/Users/samfo/Documents/GitHub/UnrealHorrorVR/EscapeVR/Content/Developers/samfo/Collections/' was aborted.
[2018.03.12-18.36.06:153][657]LogDirectoryWatcher: A directory notification for 'C:/Users/samfo/Documents/GitHub/UnrealHorrorVR/EscapeVR/Saved/Collections/' was aborted.
[2018.03.12-18.36.06:153][657]LogModuleManager: Shutting down and abandoning module StatsViewer (536)
[2018.03.12-18.36.06:153][657]LogModuleManager: Shutting down and abandoning module FoliageEdit (534)
[2018.03.12-18.36.06:153][657]LogModuleManager: Shutting down and abandoning module LandscapeEditor (532)
[2018.03.12-18.36.06:153][657]LogModuleManager: Shutting down and abandoning module MeshPaintMode (530)
[2018.03.12-18.36.06:153][657]LogModuleManager: Shutting down and abandoning module SceneDepthPickerMode (528)
[2018.03.12-18.36.06:153][657]LogModuleManager: Shutting down and abandoning module ActorPickerMode (526)
[2018.03.12-18.36.06:153][657]LogModuleManager: Shutting down and abandoning module GeometryMode (524)
[2018.03.12-18.36.06:153][657]LogModuleManager: Shutting down and abandoning module TextureAlignMode (522)
[2018.03.12-18.36.06:153][657]LogModuleManager: Shutting down and abandoning module BspMode (520)
[2018.03.12-18.36.06:153][657]LogModuleManager: Shutting down and abandoning module PIEPreviewDeviceProfileSelector (518)
[2018.03.12-18.36.06:153][657]LogModuleManager: Shutting down and abandoning module HardwareSurvey (516)
[2018.03.12-18.36.06:153][657]LogModuleManager: Shutting down and abandoning module SequenceRecorderSections (514)
[2018.03.12-18.36.06:153][657]LogModuleManager: Shutting down and abandoning module AutomationWorker (512)
[2018.03.12-18.36.06:153][657]LogModuleManager: Shutting down and abandoning module MatineeToLevelSequence (510)
[2018.03.12-18.36.06:153][657]LogModuleManager: Shutting down and abandoning module LevelSequenceEditor (508)
[2018.03.12-18.36.06:153][657]LogModuleManager: Shutting down and abandoning module PlacementMode (507)
[2018.03.12-18.36.06:154][657]LogModuleManager: Shutting down and abandoning module WmfMediaFactory (504)
[2018.03.12-18.36.06:154][657]LogModuleManager: Shutting down and abandoning module WmfMediaEditor (502)
[2018.03.12-18.36.06:154][657]LogModuleManager: Shutting down and abandoning module OpenExrWrapper (500)
[2018.03.12-18.36.06:154][657]LogModuleManager: Shutting down and abandoning module ImgMediaFactory (498)
[2018.03.12-18.36.06:154][657]LogModuleManager: Shutting down and abandoning module ImgMediaEditor (496)
[2018.03.12-18.36.06:154][657]LogModuleManager: Shutting down and abandoning module AvfMediaFactory (494)
[2018.03.12-18.36.06:154][657]LogModuleManager: Shutting down and abandoning module AvfMediaEditor (492)
[2018.03.12-18.36.06:154][657]LogModuleManager: Shutting down and abandoning module AndroidMediaFactory (490)
[2018.03.12-18.36.06:154][657]LogModuleManager: Shutting down and abandoning module AndroidMediaEditor (488)
[2018.03.12-18.36.06:154][657]LogModuleManager: Shutting down and abandoning module CharacterAI (486)
[2018.03.12-18.36.06:154][657]LogModuleManager: Shutting down and abandoning module AudioCapture (484)
[2018.03.12-18.36.06:154][657]LogModuleManager: Shutting down and abandoning module SequenceRecorder (483)
[2018.03.12-18.36.06:154][657]LogModuleManager: Shutting down and abandoning module SmartSnapping (480)
[2018.03.12-18.36.06:154][657]LogModuleManager: Shutting down and abandoning module SessionServices (478)
[2018.03.12-18.36.06:154][657]LogModuleManager: Shutting down and abandoning module ViewportSnapping (476)
[2018.03.12-18.36.06:154][657]LogModuleManager: Shutting down and abandoning module ViewportInteraction (474)
[2018.03.12-18.36.06:154][657]LogModuleManager: Shutting down and abandoning module ClothPainter (472)
[2018.03.12-18.36.06:154][657]LogModuleManager: Shutting down and abandoning module SkeletalMeshEditor (471)
[2018.03.12-18.36.06:154][657]LogModuleManager: Shutting down and abandoning module LogVisualizer (468)
[2018.03.12-18.36.06:154][657]LogModuleManager: Shutting down and abandoning module IntroTutorials (466)
[2018.03.12-18.36.06:154][657]LogModuleManager: Shutting down and abandoning module GameProjectGeneration (465)
[2018.03.12-18.36.06:154][657]LogModuleManager: Shutting down and abandoning module IOSPlatformEditor (462)
[2018.03.12-18.36.06:154][657]LogModuleManager: Shutting down and abandoning module HTML5PlatformEditor (460)
[2018.03.12-18.36.06:154][657]LogModuleManager: Shutting down and abandoning module AndroidPlatformEditor (458)
[2018.03.12-18.36.06:154][657]LogModuleManager: Shutting down and abandoning module AndroidDeviceDetection (457)
[2018.03.12-18.36.06:861][657]LogModuleManager: Shutting down and abandoning module WindowsPlatformEditor (454)
[2018.03.12-18.36.06:861][657]LogModuleManager: Shutting down and abandoning module IOSRuntimeSettings (452)
[2018.03.12-18.36.06:861][657]LogModuleManager: Shutting down and abandoning module AndroidRuntimeSettings (450)
[2018.03.12-18.36.06:861][657]LogModuleManager: Shutting down and abandoning module InputBindingEditor (448)
[2018.03.12-18.36.06:862][657]LogModuleManager: Shutting down and abandoning module MergeActors (446)
[2018.03.12-18.36.06:862][657]LogModuleManager: Shutting down and abandoning module SizeMap (444)
[2018.03.12-18.36.06:862][657]LogModuleManager: Shutting down and abandoning module TreeMap (442)
[2018.03.12-18.36.06:862][657]LogModuleManager: Shutting down and abandoning module ReferenceViewer (440)
[2018.03.12-18.36.06:862][657]LogModuleManager: Shutting down and abandoning module LocalizationDashboard (438)
[2018.03.12-18.36.06:862][657]LogModuleManager: Shutting down and abandoning module LocalizationService (437)
[2018.03.12-18.36.06:862][657]LogModuleManager: Shutting down and abandoning module HardwareTargeting (434)
[2018.03.12-18.36.06:862][657]LogModuleManager: Shutting down and abandoning module DeviceProfileEditor (432)
[2018.03.12-18.36.06:862][657]LogModuleManager: Shutting down and abandoning module UndoHistory (430)
[2018.03.12-18.36.06:862][657]LogModuleManager: Shutting down and abandoning module XmlParser (428)
[2018.03.12-18.36.06:862][657]LogModuleManager: Shutting down and abandoning module Blutility (426)
[2018.03.12-18.36.06:862][657]LogModuleManager: Shutting down and abandoning module ProjectSettingsViewer (424)
[2018.03.12-18.36.06:862][657]LogModuleManager: Shutting down and abandoning module ProjectTargetPlatformEditor (423)
[2018.03.12-18.36.06:863][657]LogModuleManager: Shutting down and abandoning module EditorSettingsViewer (420)
[2018.03.12-18.36.06:864][657]LogModuleManager: Shutting down and abandoning module SettingsEditor (418)
[2018.03.12-18.36.06:864][657]LogModuleManager: Shutting down and abandoning module ProjectLauncher (416)
[2018.03.12-18.36.06:864][657]LogModuleManager: Shutting down and abandoning module SessionFrontend (414)
[2018.03.12-18.36.06:864][657]LogModuleManager: Shutting down and abandoning module ProfilerClient (412)
[2018.03.12-18.36.06:864][657]LogModuleManager: Shutting down and abandoning module DeviceManager (410)
[2018.03.12-18.36.06:864][657]LogModuleManager: Shutting down and abandoning module TargetDeviceServices (409)
[2018.03.12-18.36.06:928][657]LogModuleManager: Shutting down and abandoning module AutomationController (406)
[2018.03.12-18.36.06:928][657]LogModuleManager: Shutting down and abandoning module AutomationWindow (404)
[2018.03.12-18.36.06:928][657]LogModuleManager: Shutting down and abandoning module Layers (402)
[2018.03.12-18.36.06:929][657]LogModuleManager: Shutting down and abandoning module ComponentVisualizers (400)
[2018.03.12-18.36.06:929][657]LogModuleManager: Shutting down and abandoning module DetailCustomizations (398)
[2018.03.12-18.36.06:929][657]LogModuleManager: Shutting down and abandoning module PackagesDialog (396)
[2018.03.12-18.36.06:929][657]LogModuleManager: Shutting down and abandoning module Persona (394)
[2018.03.12-18.36.06:929][657]LogModuleManager: Shutting down and abandoning module AdvancedPreviewScene (393)
[2018.03.12-18.36.06:929][657]LogModuleManager: Shutting down and abandoning module AnimGraph (391)
[2018.03.12-18.36.06:929][657]LogModuleManager: Shutting down and abandoning module Kismet (388)
[2018.03.12-18.36.06:946][657]LogModuleManager: Shutting down and abandoning module ClassViewer (386)
[2018.03.12-18.36.06:946][657]LogModuleManager: Shutting down and abandoning module Toolbox (384)
[2018.03.12-18.36.06:946][657]LogModuleManager: Shutting down and abandoning module ModuleUI (382)
[2018.03.12-18.36.06:947][657]LogModuleManager: Shutting down and abandoning module MovieSceneTools (380)
[2018.03.12-18.36.06:947][657]LogModuleManager: Shutting down and abandoning module OutputLog (378)
[2018.03.12-18.36.06:947][657]LogModuleManager: Shutting down and abandoning module GammaUI (376)
[2018.03.12-18.36.06:947][657]LogModuleManager: Shutting down and abandoning module Documentation (374)
[2018.03.12-18.36.06:947][657]LogModuleManager: Shutting down and abandoning module MovieSceneTracks (372)
[2018.03.12-18.36.06:947][657]LogModuleManager: Shutting down and abandoning module MovieScene (370)
[2018.03.12-18.36.06:947][657]LogModuleManager: Shutting down and abandoning module StreamingPauseRendering (368)
[2018.03.12-18.36.06:947][657]LogModuleManager: Shutting down and abandoning module LauncherPlatform (366)
[2018.03.12-18.36.06:947][657]LogModuleManager: Shutting down and abandoning module AnalyticsET (364)
[2018.03.12-18.36.06:947][657]LogModuleManager: Shutting down and abandoning module PortalServices (362)
[2018.03.12-18.36.06:947][657]LogModuleManager: Shutting down and abandoning module PortalRpc (360)
[2018.03.12-18.36.06:947][657]LogModuleManager: Shutting down and abandoning module MessagingRpc (358)
[2018.03.12-18.36.06:947][657]LogModuleManager: Shutting down and abandoning module AIModule (356)
[2018.03.12-18.36.06:947][657]LogModuleManager: Shutting down and abandoning module GameplayDebugger (355)
[2018.03.12-18.36.06:947][657]LogModuleManager: Shutting down and abandoning module AITestSuite (353)
[2018.03.12-18.36.06:947][657]LogModuleManager: Shutting down and abandoning module ProfilerService (350)
[2018.03.12-18.36.07:196][657]LogModuleManager: Shutting down and abandoning module TaskGraph (348)
[2018.03.12-18.36.07:196][657]LogModuleManager: Shutting down and abandoning module SteamVRController (346)
[2018.03.12-18.36.07:196][657]LogModuleManager: Shutting down and abandoning module ProceduralMeshComponentEditor (344)
[2018.03.12-18.36.07:196][657]LogModuleManager: Shutting down and abandoning module ProceduralMeshComponent (342)
[2018.03.12-18.36.07:196][657]LogModuleManager: Shutting down and abandoning module OculusInput (340)
[2018.03.12-18.36.07:196][657]LogModuleManager: Shutting down and abandoning module MobilePatchingUtils (338)
[2018.03.12-18.36.07:196][657]LogModuleManager: Shutting down and abandoning module CustomMeshComponent (336)
[2018.03.12-18.36.07:196][657]LogModuleManager: Shutting down and abandoning module CableComponent (334)
[2018.03.12-18.36.07:196][657]LogModuleManager: Shutting down and abandoning module ArchVisCharacter (332)
[2018.03.12-18.36.07:196][657]LogModuleManager: Shutting down and abandoning module AndroidPermission (330)
[2018.03.12-18.36.07:196][657]LogModuleManager: Shutting down and abandoning module ActorSequence (326)
[2018.03.12-18.36.07:196][657]LogModuleManager: Shutting down and abandoning module MediaPlayerEditor (324)
[2018.03.12-18.36.07:196][657]LogModuleManager: Shutting down and abandoning module MediaCompositingEditor (322)
[2018.03.12-18.36.07:197][657]LogModuleManager: Shutting down and abandoning module MediaCompositing (320)
[2018.03.12-18.36.07:197][657]LogModuleManager: Shutting down and abandoning module HTML5Networking (318)
[2018.03.12-18.36.07:197][657]LogModuleManager: Shutting down and abandoning module AlembicImporter (316)
[2018.03.12-18.36.07:197][657]LogModuleManager: Shutting down and abandoning module AlembicLibrary (315)
[2018.03.12-18.36.07:197][657]LogModuleManager: Shutting down and abandoning module GeometryCache (314)
[2018.03.12-18.36.07:197][657]LogModuleManager: Shutting down and abandoning module GeometryCacheEd (313)
[2018.03.12-18.36.07:197][657]LogModuleManager: Shutting down and abandoning module SpeedTreeImporter (308)
[2018.03.12-18.36.07:197][657]LogModuleManager: Shutting down and abandoning module PluginBrowser (306)
[2018.03.12-18.36.07:197][657]LogModuleManager: Shutting down and abandoning module MobileLauncherProfileWizard (304)
[2018.03.12-18.36.07:197][657]LogModuleManager: Shutting down and abandoning module VisualStudioSourceCodeAccess (302)
[2018.03.12-18.36.07:197][657]LogModuleManager: Shutting down and abandoning module VisualStudioCodeSourceCodeAccess (300)
[2018.03.12-18.36.07:197][657]LogModuleManager: Shutting down and abandoning module UObjectPlugin (298)
[2018.03.12-18.36.07:197][657]LogModuleManager: Shutting down and abandoning module SubversionSourceControl (296)
[2018.03.12-18.36.07:197][657]LogModuleManager: Shutting down and abandoning module PerforceSourceControl (294)
[2018.03.12-18.36.07:197][657]LogModuleManager: Shutting down and abandoning module GitSourceControl (292)
[2018.03.12-18.36.07:197][657]LogModuleManager: Shutting down and abandoning module SourceControl (291)
[2018.03.12-18.36.07:197][657]LogModuleManager: Shutting down and abandoning module LightPropagationVolumeEditor (288)
[2018.03.12-18.36.07:197][657]LogModuleManager: Shutting down and abandoning module PaperTiledImporter (286)
[2018.03.12-18.36.07:197][657]LogModuleManager: Shutting down and abandoning module PaperSpriteSheetImporter (284)
[2018.03.12-18.36.07:197][657]LogModuleManager: Shutting down and abandoning module Paper2DEditor (282)
[2018.03.12-18.36.07:197][657]LogModuleManager: Shutting down and abandoning module MeshPaint (281)
[2018.03.12-18.36.07:197][657]LogModuleManager: Shutting down and abandoning module LevelEditor (279)
[2018.03.12-18.36.07:199][657]LogModuleManager: Shutting down and abandoning module PixelInspectorModule (278)
[2018.03.12-18.36.07:199][657]LogModuleManager: Shutting down and abandoning module MainFrame (276)
[2018.03.12-18.36.07:199][657]LogModuleManager: Shutting down and abandoning module HotReload (275)
[2018.03.12-18.36.07:199][657]LogDirectoryWatcher: A directory notification for 'C:/Users/samfo/Documents/GitHub/UnrealHorrorVR/EscapeVR/Binaries/Win64' was aborted.
[2018.03.12-18.36.07:199][657]LogModuleManager: Shutting down and abandoning module EscapeVR (270)
[2018.03.12-18.36.07:199][657]LogModuleManager: Shutting down and abandoning module RuntimePhysXCooking (268)
[2018.03.12-18.36.07:199][657]LogModuleManager: Shutting down and abandoning module PhysXVehiclesEditor (266)
[2018.03.12-18.36.07:199][657]LogModuleManager: Shutting down and abandoning module PhysXVehicles (264)
[2018.03.12-18.36.07:199][657]LogModuleManager: Shutting down and abandoning module OculusEditor (262)
[2018.03.12-18.36.07:199][657]LogModuleManager: Shutting down and abandoning module LocationServicesBPLibrary (260)
[2018.03.12-18.36.07:199][657]LogModuleManager: Shutting down and abandoning module ImmediatePhysicsEditor (258)
[2018.03.12-18.36.07:199][657]LogModuleManager: Shutting down and abandoning module ImmediatePhysics (256)
[2018.03.12-18.36.07:199][657]LogModuleManager: Shutting down and abandoning module UdpMessaging (254)
[2018.03.12-18.36.07:300][657]LogModuleManager: Shutting down and abandoning module TcpMessaging (252)
[2018.03.12-18.36.07:400][657]LogModuleManager: Shutting down and abandoning module GameplayTagsEditor (250)
[2018.03.12-18.36.07:400][657]LogModuleManager: Shutting down and abandoning module FacialAnimationEditor (248)
[2018.03.12-18.36.07:400][657]LogModuleManager: Shutting down and abandoning module FacialAnimation (246)
[2018.03.12-18.36.07:400][657]LogModuleManager: Shutting down and abandoning module AssetManagerEditor (244)
[2018.03.12-18.36.07:400][657]LogModuleManager: Shutting down and abandoning module GraphEditor (243)
[2018.03.12-18.36.07:400][657]LogModuleManager: Shutting down and abandoning module ContentBrowser (241)
[2018.03.12-18.36.07:403][657]LogModuleManager: Shutting down and abandoning module LightPropagationVolumeRuntime (238)
[2018.03.12-18.36.07:403][657]LogModuleManager: Shutting down and abandoning module Paper2D (236)
[2018.03.12-18.36.07:403][657]LogModuleManager: Shutting down and abandoning module WindowsMoviePlayer (234)
[2018.03.12-18.36.07:403][657]LogModuleManager: Shutting down and abandoning module WmfMedia (232)
[2018.03.12-18.36.07:406][657]LogModuleManager: Shutting down and abandoning module ImgMedia (230)
[2018.03.12-18.36.07:406][657]LogModuleManager: Shutting down and abandoning module PacketHandler (228)
[2018.03.12-18.36.07:406][657]LogModuleManager: Shutting down and abandoning module ClothingSystemEditor (226)
[2018.03.12-18.36.07:406][657]LogModuleManager: Shutting down and abandoning module ClothingSystemRuntime (224)
[2018.03.12-18.36.07:406][657]LogModuleManager: Shutting down and abandoning module MediaAssets (222)
[2018.03.12-18.36.07:406][657]LogModuleManager: Shutting down and abandoning module Media (221)
[2018.03.12-18.36.07:413][657]LogModuleManager: Shutting down and abandoning module Overlay (218)
[2018.03.12-18.36.07:413][657]LogModuleManager: Shutting down and abandoning module OverlayEditor (217)
[2018.03.12-18.36.07:413][657]LogModuleManager: Shutting down and abandoning module VREditor (214)
[2018.03.12-18.36.07:413][657]LogModuleManager: Shutting down and abandoning module StringTableEditor (212)
[2018.03.12-18.36.07:413][657]LogModuleManager: Shutting down and abandoning module GameplayTasksEditor (210)
[2018.03.12-18.36.07:413][657]LogModuleManager: Shutting down and abandoning module BehaviorTreeEditor (208)
[2018.03.12-18.36.07:413][657]LogModuleManager: Shutting down and abandoning module FunctionalTesting (206)
[2018.03.12-18.36.07:413][657]LogModuleManager: Shutting down and abandoning module CollisionAnalyzer (204)
[2018.03.12-18.36.07:413][657]LogModuleManager: Shutting down and abandoning module WorkspaceMenuStructure (203)
[2018.03.12-18.36.07:413][657]LogModuleManager: Shutting down and abandoning module UMG (200)
[2018.03.12-18.36.07:413][657]LogModuleManager: Shutting down and abandoning module UMGEditor (199)
[2018.03.12-18.36.07:413][657]LogModuleManager: Shutting down and abandoning module Sequencer (198)
[2018.03.12-18.36.07:413][657]LogModuleManager: Shutting down and abandoning module MessageLog (195)
[2018.03.12-18.36.07:413][657]LogModuleManager: Shutting down and abandoning module SlateReflector (190)
[2018.03.12-18.36.07:413][657]LogModuleManager: Shutting down and abandoning module Slate (188)
[2018.03.12-18.36.07:413][657]LogModuleManager: Shutting down and abandoning module EditorStyle (186)
[2018.03.12-18.36.07:417][657]LogModuleManager: Shutting down and abandoning module MRMesh (184)
[2018.03.12-18.36.07:417][657]LogModuleManager: Shutting down and abandoning module SourceCodeAccess (182)
[2018.03.12-18.36.07:417][657]LogModuleManager: Shutting down and abandoning module HeadMountedDisplay (180)
[2018.03.12-18.36.07:417][657]LogModuleManager: Shutting down and abandoning module XAudio2 (178)
[2018.03.12-18.36.07:417][657]LogModuleManager: Shutting down and abandoning module Networking (176)
[2018.03.12-18.36.07:417][657]LogModuleManager: Shutting down and abandoning module Core (172)
[2018.03.12-18.36.07:417][657]LogModuleManager: Shutting down and abandoning module LevelSequence (168)
[2018.03.12-18.36.07:417][657]LogModuleManager: Shutting down and abandoning module DirectoryWatcher (166)
[2018.03.12-18.36.07:424][657]LogModuleManager: Shutting down and abandoning module KismetCompiler (164)
[2018.03.12-18.36.07:424][657]LogModuleManager: Shutting down and abandoning module MeshUtilities (162)
[2018.03.12-18.36.07:424][657]LogModuleManager: Shutting down and abandoning module MeshMergeUtilities (161)
[2018.03.12-18.36.07:424][657]LogModuleManager: Shutting down and abandoning module MeshReductionInterface (160)
[2018.03.12-18.36.07:424][657]LogModuleManager: Shutting down and abandoning module SimplygonSwarm (159)
[2018.03.12-18.36.07:424][657]LogModuleManager: Shutting down and abandoning module SimplygonMeshReduction (157)
[2018.03.12-18.36.07:424][657]LogModuleManager: Shutting down and abandoning module QuadricMeshReduction (155)
[2018.03.12-18.36.07:424][657]LogModuleManager: Shutting down and abandoning module MaterialBaking (151)
[2018.03.12-18.36.07:424][657]LogModuleManager: Shutting down and abandoning module DerivedDataCache (148)
[2018.03.12-18.36.07:492][657]LogDerivedDataCache: Shutdown
[2018.03.12-18.36.07:492][657]LogModuleManager: Shutting down and abandoning module TargetPlatform (146)
[2018.03.12-18.36.07:492][657]LogModuleManager: Shutting down and abandoning module VulkanShaderFormat (145)
[2018.03.12-18.36.07:492][657]LogModuleManager: Shutting down and abandoning module ShaderFormatVectorVM (143)
[2018.03.12-18.36.07:492][657]LogModuleManager: Shutting down and abandoning module ShaderFormatOpenGL (141)
[2018.03.12-18.36.07:492][657]LogModuleManager: Shutting down and abandoning module ShaderFormatD3D (139)
[2018.03.12-18.36.07:492][657]LogModuleManager: Shutting down and abandoning module MetalShaderFormat (137)
[2018.03.12-18.36.07:492][657]LogModuleManager: Shutting down and abandoning module TextureFormatUncompressed (135)
[2018.03.12-18.36.07:492][657]LogModuleManager: Shutting down and abandoning module TextureFormatPVR (133)
[2018.03.12-18.36.07:492][657]LogModuleManager: Shutting down and abandoning module TextureFormatDXT (131)
[2018.03.12-18.36.07:492][657]LogModuleManager: Shutting down and abandoning module TextureFormatIntelISPCTexComp (129)
[2018.03.12-18.36.07:492][657]LogModuleManager: Shutting down and abandoning module TextureFormatASTC (127)
[2018.03.12-18.36.07:492][657]LogModuleManager: Shutting down and abandoning module ImageWrapper (126)
[2018.03.12-18.36.07:492][657]LogModuleManager: Shutting down and abandoning module TextureFormatAndroid (123)
[2018.03.12-18.36.07:492][657]LogModuleManager: Shutting down and abandoning module AudioFormatOpus (121)
[2018.03.12-18.36.07:492][657]LogModuleManager: Shutting down and abandoning module AudioFormatOgg (119)
[2018.03.12-18.36.07:492][657]LogModuleManager: Shutting down and abandoning module AudioFormatADPCM (117)
[2018.03.12-18.36.07:492][657]LogModuleManager: Shutting down and abandoning module LinuxTargetPlatform (115)
[2018.03.12-18.36.07:492][657]LogModuleManager: Shutting down and abandoning module LinuxServerTargetPlatform (113)
[2018.03.12-18.36.07:492][657]LogModuleManager: Shutting down and abandoning module LinuxNoEditorTargetPlatform (111)
[2018.03.12-18.36.07:492][657]LogModuleManager: Shutting down and abandoning module LinuxClientTargetPlatform (109)
[2018.03.12-18.36.07:492][657]LogModuleManager: Shutting down and abandoning module TVOSTargetPlatform (107)
[2018.03.12-18.36.07:492][657]LogModuleManager: Shutting down and abandoning module Messaging (105)
[2018.03.12-18.36.07:492][657]LogModuleManager: Shutting down and abandoning module IOSTargetPlatform (103)
[2018.03.12-18.36.07:492][657]LogModuleManager: Shutting down and abandoning module HTML5TargetPlatform (101)
[2018.03.12-18.36.07:492][657]LogModuleManager: Shutting down and abandoning module AndroidTargetPlatform (99)
[2018.03.12-18.36.07:492][657]LogModuleManager: Shutting down and abandoning module Android_PVRTCTargetPlatform (97)
[2018.03.12-18.36.07:492][657]LogModuleManager: Shutting down and abandoning module Android_MultiTargetPlatform (95)
[2018.03.12-18.36.07:492][657]LogModuleManager: Shutting down and abandoning module Android_ETC2TargetPlatform (93)
[2018.03.12-18.36.07:492][657]LogModuleManager: Shutting down and abandoning module Android_ETC1TargetPlatform (91)
[2018.03.12-18.36.07:493][657]LogModuleManager: Shutting down and abandoning module Android_DXTTargetPlatform (89)
[2018.03.12-18.36.07:493][657]LogModuleManager: Shutting down and abandoning module Android_ATCTargetPlatform (87)
[2018.03.12-18.36.07:493][657]LogModuleManager: Shutting down and abandoning module Android_ASTCTargetPlatform (85)
[2018.03.12-18.36.07:493][657]LogModuleManager: Shutting down and abandoning module WindowsTargetPlatform (83)
[2018.03.12-18.36.07:493][657]LogModuleManager: Shutting down and abandoning module WindowsServerTargetPlatform (81)
[2018.03.12-18.36.07:493][657]LogModuleManager: Shutting down and abandoning module WindowsNoEditorTargetPlatform (79)
[2018.03.12-18.36.07:493][657]LogModuleManager: Shutting down and abandoning module WindowsClientTargetPlatform (77)
[2018.03.12-18.36.07:493][657]LogModuleManager: Shutting down and abandoning module MacTargetPlatform (75)
[2018.03.12-18.36.07:493][657]LogModuleManager: Shutting down and abandoning module MacServerTargetPlatform (73)
[2018.03.12-18.36.07:493][657]LogModuleManager: Shutting down and abandoning module MacNoEditorTargetPlatform (71)
[2018.03.12-18.36.07:493][657]LogModuleManager: Shutting down and abandoning module MacClientTargetPlatform (69)
[2018.03.12-18.36.07:493][657]LogModuleManager: Shutting down and abandoning module AllDesktopTargetPlatform (67)
[2018.03.12-18.36.07:493][657]LogModuleManager: Shutting down and abandoning module InputCore (64)
[2018.03.12-18.36.07:493][657]LogModuleManager: Shutting down and abandoning module Settings (62)
[2018.03.12-18.36.07:493][657]LogModuleManager: Shutting down and abandoning module PhysXCooking (60)
[2018.03.12-18.36.07:493][657]LogModuleManager: Shutting down and abandoning module SteamVR (58)
[2018.03.12-18.36.07:493][657]LogModuleManager: Shutting down and abandoning module OculusHMD (56)
[2018.03.12-18.36.07:493][657]LogModuleManager: Shutting down and abandoning module ExampleDeviceProfileSelector (54)
[2018.03.12-18.36.07:493][657]LogModuleManager: Shutting down and abandoning module AppleARKit (52)
[2018.03.12-18.36.07:493][657]LogModuleManager: Shutting down and abandoning module AugmentedReality (51)
[2018.03.12-18.36.07:493][657]LogModuleManager: Shutting down and abandoning module OnlineBlueprintSupport (48)
[2018.03.12-18.36.07:493][657]LogModuleManager: Shutting down and abandoning module OnlineSubsystem (44)
[2018.03.12-18.36.07:493][657]LogModuleManager: Shutting down and abandoning module XMPP (43)
[2018.03.12-18.36.07:493][657]LogModuleManager: Shutting down and abandoning module HTTP (41)
[2018.03.12-18.36.07:493][657]LogHttp: Display: Http module shutting down, but needs to wait on 1 outstanding Http requests:
[2018.03.12-18.36.07:493][657]LogHttp: Display: 	verb=[POST] url=[https://datarouter.ol.epicgames.com/datarouter/api/v1/public/data?SessionID=%7BF0718A64-46C8-B10D-2748-E7BD5A3D9946%7D&AppID=UEEditor.Rocket.Release&AppVersion=4.18.3-3832480%2B%2B%2BUE4%2BRelease-4.18&UserID=01d90524478d952f79bf15a0fb3ee477%7Cb6d55d87dad24922993b4a6bdcd07814%7C92cdc455-e147-4615-961d-a7f60375b392&AppEnvironment=datacollector-binary&UploadType=eteventstream] status=Processing
[2018.03.12-18.36.07:511][657]LogModuleManager: Shutting down and abandoning module SSL (40)
[2018.03.12-18.36.07:513][657]LogModuleManager: Shutting down and abandoning module AnimationModifiers (36)
[2018.03.12-18.36.07:513][657]LogModuleManager: Shutting down and abandoning module PropertyEditor (35)
[2018.03.12-18.36.07:513][657]LogModuleManager: Shutting down and abandoning module AudioEditor (32)
[2018.03.12-18.36.07:513][657]LogModuleManager: Shutting down and abandoning module TextureCompressor (30)
[2018.03.12-18.36.07:513][657]LogModuleManager: Shutting down and abandoning module ShaderCore (28)
[2018.03.12-18.36.07:513][657]LogModuleManager: Shutting down and abandoning module Landscape (26)
[2018.03.12-18.36.07:513][657]LogModuleManager: Shutting down and abandoning module SlateRHIRenderer (24)
[2018.03.12-18.36.07:519][657]LogModuleManager: Shutting down and abandoning module OpenGLDrv (22)
[2018.03.12-18.36.07:519][657]LogModuleManager: Shutting down and abandoning module D3D11RHI (20)
[2018.03.12-18.36.07:519][657]LogModuleManager: Shutting down and abandoning module AnimGraphRuntime (18)
[2018.03.12-18.36.07:519][657]LogModuleManager: Shutting down and abandoning module Renderer (16)
[2018.03.12-18.36.07:519][657]LogModuleManager: Shutting down and abandoning module Engine (14)
[2018.03.12-18.36.07:519][657]LogModuleManager: Shutting down and abandoning module CoreUObject (12)
[2018.03.12-18.36.07:519][657]LogModuleManager: Shutting down and abandoning module NetworkFile (10)
[2018.03.12-18.36.07:519][657]LogModuleManager: Shutting down and abandoning module CookedIterativeFile (8)
[2018.03.12-18.36.07:519][657]LogModuleManager: Shutting down and abandoning module StreamingFile (6)
[2018.03.12-18.36.07:519][657]LogModuleManager: Shutting down and abandoning module SandboxFile (4)
[2018.03.12-18.36.07:519][657]LogModuleManager: Shutting down and abandoning module PakFile (2)
[2018.03.12-18.36.07:522][657]LogExit: Exiting.
[2018.03.12-18.36.07:539][657]Log file closed, 03/12/18 13:36:07
